{"name":"node-crud-api","hostname":"Pihu","pid":15528,"level":30,"method":"POST","url":"/api/users","params":{},"query":{},"msg":"游닌 Incoming API request","time":"2025-05-17T05:28:13.003Z","v":0}
{"name":"node-crud-api","hostname":"Pihu","pid":9476,"level":30,"method":"POST","url":"/api/users","params":{},"query":{},"msg":"游닌 Incoming API request","time":"2025-05-17T05:29:51.859Z","v":0}
{"name":"node-crud-api","hostname":"Pihu","pid":1364,"level":30,"method":"POST","url":"/api/users","params":{},"query":{},"msg":"游닌 Incoming API request","time":"2025-05-17T05:30:38.268Z","v":0}
{"name":"node-crud-api","hostname":"Pihu","pid":1364,"level":30,"method":"POST","url":"/api/users","params":{},"query":{},"msg":"游닌 Incoming API request","time":"2025-05-17T05:31:41.229Z","v":0}
{"name":"node-crud-api","hostname":"Pihu","pid":20868,"level":30,"method":"POST","url":"/api/users","params":{},"query":{},"msg":"游닌 Incoming API request","time":"2025-05-17T06:42:01.771Z","v":0}
{"name":"node-crud-api","hostname":"Pihu","pid":20868,"level":30,"method":"POST","url":"/api/users","params":{},"query":{},"msg":"游닌 Incoming API request","time":"2025-05-17T06:42:48.063Z","v":0}
{"name":"node-crud-api","hostname":"Pihu","pid":20868,"level":30,"method":"POST","url":"/api/users/register","params":{},"query":{},"msg":"游닌 Incoming API request","time":"2025-05-17T06:43:16.456Z","v":0}
{"name":"node-crud-api","hostname":"Pihu","pid":20868,"level":30,"method":"POST","url":"/api/users/register","params":{},"query":{},"msg":"游닌 Incoming API request","time":"2025-05-17T06:43:22.979Z","v":0}
{"name":"node-crud-api","hostname":"Pihu","pid":20868,"level":30,"method":"POST","url":"/api/users/register","params":{},"query":{},"msg":"游닌 Incoming API request","time":"2025-05-17T06:43:28.090Z","v":0}
{"name":"node-crud-api","hostname":"Pihu","pid":26620,"level":30,"method":"POST","url":"/api/users/register","params":{},"query":{},"msg":"游닌 Incoming API request","time":"2025-05-17T06:44:36.541Z","v":0}
{"name":"node-crud-api","hostname":"Pihu","pid":4416,"level":30,"method":"POST","url":"/api/users/register","params":{},"query":{},"msg":"游닌 Incoming API request","time":"2025-05-17T06:45:23.729Z","v":0}
{"name":"node-crud-api","hostname":"Pihu","pid":24960,"level":30,"method":"POST","url":"/api/users/register","params":{},"query":{},"msg":"游닌 Incoming API request","time":"2025-05-17T06:45:54.112Z","v":0}
{"name":"node-crud-api","hostname":"Pihu","pid":16504,"level":30,"method":"POST","url":"/api/users/register","params":{},"query":{},"msg":"游닌 Incoming API request","time":"2025-05-17T06:47:39.555Z","v":0}
{"name":"node-crud-api","hostname":"Pihu","pid":16504,"level":30,"method":"POST","url":"/api/users/register","params":{},"query":{},"msg":"游닌 Incoming API request","time":"2025-05-17T06:47:47.694Z","v":0}
{"name":"node-crud-api","hostname":"Pihu","pid":16504,"level":30,"method":"POST","url":"/api/users/register","params":{},"query":{},"msg":"游닌 Incoming API request","time":"2025-05-17T06:48:00.810Z","v":0}
{"name":"node-crud-api","hostname":"Pihu","pid":16504,"level":30,"method":"POST","url":"/api/users/register","params":{},"query":{},"msg":"游닌 Incoming API request","time":"2025-05-17T06:48:01.319Z","v":0}
{"name":"node-crud-api","hostname":"Pihu","pid":16504,"level":30,"method":"POST","url":"/api/users/register","params":{},"query":{},"msg":"游닌 Incoming API request","time":"2025-05-17T06:48:07.963Z","v":0}
{"name":"node-crud-api","hostname":"Pihu","pid":16504,"level":30,"method":"POST","url":"/api/users/register","params":{},"query":{},"msg":"游닌 Incoming API request","time":"2025-05-17T06:48:33.555Z","v":0}
{"name":"node-crud-api","hostname":"Pihu","pid":22444,"level":30,"method":"POST","url":"/api/users/register","params":{},"query":{},"msg":"游닌 Incoming API request","time":"2025-05-17T06:49:45.403Z","v":0}
{"name":"node-crud-api","hostname":"Pihu","pid":9068,"level":30,"method":"POST","url":"/api/users/register","params":{},"query":{},"msg":"游닌 Incoming API request","time":"2025-05-17T06:50:41.189Z","v":0}
{"name":"node-crud-api","hostname":"Pihu","pid":15732,"level":30,"method":"POST","url":"/api/users/register","params":{},"query":{},"msg":"游닌 Incoming API request","time":"2025-05-17T06:53:50.536Z","v":0}
{"name":"node-crud-api","hostname":"Pihu","pid":15732,"level":30,"method":"GET","url":"/api/users/","params":{},"query":{},"msg":"游닌 Incoming API request","time":"2025-05-17T06:56:49.622Z","v":0}
{"name":"node-crud-api","hostname":"Pihu","pid":15732,"level":30,"method":"POST","url":"/api/users/register","params":{},"query":{},"msg":"游닌 Incoming API request","time":"2025-05-17T06:57:22.706Z","v":0}
{"name":"node-crud-api","hostname":"Pihu","pid":15732,"level":30,"method":"POST","url":"/api/users/login","params":{},"query":{},"msg":"游닌 Incoming API request","time":"2025-05-17T06:57:29.635Z","v":0}
{"name":"node-crud-api","hostname":"Pihu","pid":15732,"level":30,"method":"POST","url":"/api/users/login","params":{},"query":{},"msg":"游닌 Incoming API request","time":"2025-05-17T06:57:44.642Z","v":0}
{"name":"node-crud-api","hostname":"Pihu","pid":15732,"level":30,"method":"POST","url":"/api/users/login","params":{},"query":{},"msg":"游닌 Incoming API request","time":"2025-05-17T06:58:35.116Z","v":0}
{"name":"node-crud-api","hostname":"Pihu","pid":15732,"level":30,"method":"POST","url":"/api/users/login","params":{},"query":{},"msg":"游닌 Incoming API request","time":"2025-05-17T06:58:43.438Z","v":0}
{"name":"node-crud-api","hostname":"Pihu","pid":15732,"level":30,"method":"POST","url":"/api/users/login","params":{},"query":{},"msg":"游닌 Incoming API request","time":"2025-05-17T06:58:46.697Z","v":0}
{"name":"node-crud-api","hostname":"Pihu","pid":15732,"level":30,"method":"POST","url":"/api/users/login","params":{},"query":{},"msg":"游닌 Incoming API request","time":"2025-05-17T06:59:00.514Z","v":0}
{"name":"node-crud-api","hostname":"Pihu","pid":15732,"level":30,"method":"POST","url":"/api/users/login","params":{},"query":{},"msg":"游닌 Incoming API request","time":"2025-05-17T06:59:01.569Z","v":0}
{"name":"node-crud-api","hostname":"Pihu","pid":15732,"level":30,"method":"POST","url":"/api/users/login","params":{},"query":{},"msg":"游닌 Incoming API request","time":"2025-05-17T06:59:01.846Z","v":0}
{"name":"node-crud-api","hostname":"Pihu","pid":15732,"level":30,"method":"POST","url":"/api/users/login","params":{},"query":{},"msg":"游닌 Incoming API request","time":"2025-05-17T06:59:02.015Z","v":0}
{"name":"node-crud-api","hostname":"Pihu","pid":15732,"level":30,"method":"POST","url":"/api/users/login","params":{},"query":{},"msg":"游닌 Incoming API request","time":"2025-05-17T06:59:02.128Z","v":0}
{"name":"node-crud-api","hostname":"Pihu","pid":15732,"level":30,"method":"POST","url":"/api/users/login","params":{},"query":{},"msg":"游닌 Incoming API request","time":"2025-05-17T06:59:02.267Z","v":0}
{"name":"node-crud-api","hostname":"Pihu","pid":15732,"level":30,"method":"POST","url":"/api/users/login","params":{},"query":{},"msg":"游닌 Incoming API request","time":"2025-05-17T06:59:02.394Z","v":0}
{"name":"node-crud-api","hostname":"Pihu","pid":15732,"level":30,"method":"POST","url":"/api/users/login","params":{},"query":{},"msg":"游닌 Incoming API request","time":"2025-05-17T06:59:02.528Z","v":0}
{"name":"node-crud-api","hostname":"Pihu","pid":13812,"level":30,"method":"POST","url":"/api/users/login","params":{},"query":{},"msg":"游닌 Incoming API request","time":"2025-05-17T07:05:17.113Z","v":0}
{"name":"node-crud-api","hostname":"Pihu","pid":13812,"level":30,"method":"POST","url":"/api/users/login","params":{},"query":{},"msg":"游닌 Incoming API request","time":"2025-05-17T07:05:40.412Z","v":0}
{"name":"node-crud-api","hostname":"Pihu","pid":13812,"level":30,"method":"POST","url":"/api/users/login","params":{},"query":{},"msg":"游닌 Incoming API request","time":"2025-05-17T07:05:53.454Z","v":0}
{"name":"node-crud-api","hostname":"Pihu","pid":26340,"level":30,"method":"POST","url":"/api/users/login","params":{},"query":{},"msg":"游닌 Incoming API request","time":"2025-05-17T07:07:28.862Z","v":0}
{"name":"node-crud-api","hostname":"Pihu","pid":18816,"level":30,"method":"POST","url":"/api/users/login","params":{},"query":{},"msg":"游닌 Incoming API request","time":"2025-05-17T07:08:29.676Z","v":0}
{"name":"node-crud-api","hostname":"Pihu","pid":6700,"level":30,"method":"POST","url":"/api/users/login","params":{},"query":{},"msg":"游닌 Incoming API request","time":"2025-05-17T07:09:22.696Z","v":0}
{"name":"node-crud-api","hostname":"Pihu","pid":22508,"level":30,"method":"POST","url":"/api/users/login","params":{},"query":{},"msg":"游닌 Incoming API request","time":"2025-05-17T07:10:13.993Z","v":0}
{"name":"node-crud-api","hostname":"Pihu","pid":24060,"level":30,"method":"POST","url":"/api/users/login","params":{},"query":{},"msg":"游닌 Incoming API request","time":"2025-05-17T07:11:43.403Z","v":0}
{"name":"node-crud-api","hostname":"Pihu","pid":24220,"level":30,"method":"POST","url":"/api/users/login","params":{},"query":{},"msg":"游닌 Incoming API request","time":"2025-05-17T07:12:38.287Z","v":0}
{"name":"node-crud-api","hostname":"Pihu","pid":27972,"level":30,"method":"POST","url":"/api/users/login","params":{},"query":{},"msg":"游닌 Incoming API request","time":"2025-05-17T07:13:18.398Z","v":0}
{"name":"node-crud-api","hostname":"Pihu","pid":27972,"level":30,"method":"POST","url":"/api/users/login","params":{},"query":{},"msg":"游닌 Incoming API request","time":"2025-05-17T07:13:21.306Z","v":0}
{"name":"node-crud-api","hostname":"Pihu","pid":18516,"level":30,"method":"POST","url":"/api/users/login","params":{},"query":{},"msg":"游닌 Incoming API request","time":"2025-05-17T07:13:54.146Z","v":0}
{"name":"node-crud-api","hostname":"Pihu","pid":9272,"level":30,"method":"POST","url":"/api/users/login","params":{},"query":{},"msg":"游닌 Incoming API request","time":"2025-05-17T07:14:47.437Z","v":0}
{"name":"node-crud-api","hostname":"Pihu","pid":23180,"level":30,"method":"POST","url":"/api/users/login","params":{},"query":{},"msg":"游닌 Incoming API request","time":"2025-05-17T07:16:05.259Z","v":0}
{"name":"node-crud-api","hostname":"Pihu","pid":25636,"level":30,"method":"POST","url":"/api/users/login","params":{},"query":{},"msg":"游닌 Incoming API request","time":"2025-05-17T07:26:27.168Z","v":0}
{"name":"node-crud-api","hostname":"Pihu","pid":25636,"level":30,"method":"GET","url":"/api/users/","params":{},"query":{},"msg":"游닌 Incoming API request","time":"2025-05-17T07:26:34.678Z","v":0}
{"name":"node-crud-api","hostname":"Pihu","pid":25636,"level":30,"method":"GET","url":"/api/users/?authorixation=Bearer%20eyJhbGciOiJIUzI1NiIsInR5cCI6IkpXVCJ9.eyJ1c2VyX2lkIjoiMTExIiwiZW1haWwiOiJzdWJoYW1AZ21haWwuY29tIiwiaWF0IjoxNzQ3NDY2Nzg3LCJleHAiOjE3NDc0NzAzODd9.4bHUnDRHhv0_n_gi90zq2ZZcgYDJez2ZMpsvSf1PajQ","params":{},"query":{"authorixation":"Bearer eyJhbGciOiJIUzI1NiIsInR5cCI6IkpXVCJ9.eyJ1c2VyX2lkIjoiMTExIiwiZW1haWwiOiJzdWJoYW1AZ21haWwuY29tIiwiaWF0IjoxNzQ3NDY2Nzg3LCJleHAiOjE3NDc0NzAzODd9.4bHUnDRHhv0_n_gi90zq2ZZcgYDJez2ZMpsvSf1PajQ"},"msg":"游닌 Incoming API request","time":"2025-05-17T07:26:45.098Z","v":0}
{"name":"node-crud-api","hostname":"Pihu","pid":25636,"level":30,"method":"GET","url":"/api/users/?authorixation=Bearer%20eyJhbGciOiJIUzI1NiIsInR5cCI6IkpXVCJ9.eyJ1c2VyX2lkIjoiMTExIiwiZW1haWwiOiJzdWJoYW1AZ21haWwuY29tIiwiaWF0IjoxNzQ3NDY2Nzg3LCJleHAiOjE3NDc0NzAzODd9.4bHUnDRHhv0_n_gi90zq2ZZcgYDJez2ZMpsvSf1PajQ","params":{},"query":{"authorixation":"Bearer eyJhbGciOiJIUzI1NiIsInR5cCI6IkpXVCJ9.eyJ1c2VyX2lkIjoiMTExIiwiZW1haWwiOiJzdWJoYW1AZ21haWwuY29tIiwiaWF0IjoxNzQ3NDY2Nzg3LCJleHAiOjE3NDc0NzAzODd9.4bHUnDRHhv0_n_gi90zq2ZZcgYDJez2ZMpsvSf1PajQ"},"msg":"游닌 Incoming API request","time":"2025-05-17T07:26:46.056Z","v":0}
{"name":"node-crud-api","hostname":"Pihu","pid":25636,"level":30,"method":"GET","url":"/api/users/?authorixation=Bearer%20eyJhbGciOiJIUzI1NiIsInR5cCI6IkpXVCJ9.eyJ1c2VyX2lkIjoiMTExIiwiZW1haWwiOiJzdWJoYW1AZ21haWwuY29tIiwiaWF0IjoxNzQ3NDY2Nzg3LCJleHAiOjE3NDc0NzAzODd9.4bHUnDRHhv0_n_gi90zq2ZZcgYDJez2ZMpsvSf1PajQ","params":{},"query":{"authorixation":"Bearer eyJhbGciOiJIUzI1NiIsInR5cCI6IkpXVCJ9.eyJ1c2VyX2lkIjoiMTExIiwiZW1haWwiOiJzdWJoYW1AZ21haWwuY29tIiwiaWF0IjoxNzQ3NDY2Nzg3LCJleHAiOjE3NDc0NzAzODd9.4bHUnDRHhv0_n_gi90zq2ZZcgYDJez2ZMpsvSf1PajQ"},"msg":"游닌 Incoming API request","time":"2025-05-17T07:26:47.119Z","v":0}
{"name":"node-crud-api","hostname":"Pihu","pid":25636,"level":30,"method":"GET","url":"/api/users/?authorization=Bearer%20eyJhbGciOiJIUzI1NiIsInR5cCI6IkpXVCJ9.eyJ1c2VyX2lkIjoiMTExIiwiZW1haWwiOiJzdWJoYW1AZ21haWwuY29tIiwiaWF0IjoxNzQ3NDY2Nzg3LCJleHAiOjE3NDc0NzAzODd9.4bHUnDRHhv0_n_gi90zq2ZZcgYDJez2ZMpsvSf1PajQ","params":{},"query":{"authorization":"Bearer eyJhbGciOiJIUzI1NiIsInR5cCI6IkpXVCJ9.eyJ1c2VyX2lkIjoiMTExIiwiZW1haWwiOiJzdWJoYW1AZ21haWwuY29tIiwiaWF0IjoxNzQ3NDY2Nzg3LCJleHAiOjE3NDc0NzAzODd9.4bHUnDRHhv0_n_gi90zq2ZZcgYDJez2ZMpsvSf1PajQ"},"msg":"游닌 Incoming API request","time":"2025-05-17T07:26:53.831Z","v":0}
{"name":"node-crud-api","hostname":"Pihu","pid":25636,"level":30,"method":"GET","url":"/api/users/?Authorization=Bearer%20eyJhbGciOiJIUzI1NiIsInR5cCI6IkpXVCJ9.eyJ1c2VyX2lkIjoiMTExIiwiZW1haWwiOiJzdWJoYW1AZ21haWwuY29tIiwiaWF0IjoxNzQ3NDY2Nzg3LCJleHAiOjE3NDc0NzAzODd9.4bHUnDRHhv0_n_gi90zq2ZZcgYDJez2ZMpsvSf1PajQ","params":{},"query":{"Authorization":"Bearer eyJhbGciOiJIUzI1NiIsInR5cCI6IkpXVCJ9.eyJ1c2VyX2lkIjoiMTExIiwiZW1haWwiOiJzdWJoYW1AZ21haWwuY29tIiwiaWF0IjoxNzQ3NDY2Nzg3LCJleHAiOjE3NDc0NzAzODd9.4bHUnDRHhv0_n_gi90zq2ZZcgYDJez2ZMpsvSf1PajQ"},"msg":"游닌 Incoming API request","time":"2025-05-17T07:27:00.971Z","v":0}
{"name":"node-crud-api","hostname":"Pihu","pid":25560,"level":30,"method":"POST","url":"/api/users/login","params":{},"query":{},"msg":"游닌 Incoming API request","time":"2025-05-17T07:28:46.230Z","v":0}
{"name":"node-crud-api","hostname":"Pihu","pid":25560,"level":30,"method":"POST","url":"/api/users/login","params":{},"query":{},"msg":"游닌 Incoming API request","time":"2025-05-17T07:28:48.466Z","v":0}
{"name":"node-crud-api","hostname":"Pihu","pid":25560,"level":30,"method":"GET","url":"/api/users/?Authorization=Bearer%20eyJhbGciOiJIUzI1NiIsInR5cCI6IkpXVCJ9.eyJ1c2VyX2lkIjoiMTExIiwiZW1haWwiOiJzdWJoYW1AZ21haWwuY29tIiwiaWF0IjoxNzQ3NDY2OTI4LCJleHAiOjE3NDc0NzA1Mjh9.om3bXI3TJUZ8bhQleW1Gd2QbNlebFjYwODR8EIhxXcQ","params":{},"query":{"Authorization":"Bearer eyJhbGciOiJIUzI1NiIsInR5cCI6IkpXVCJ9.eyJ1c2VyX2lkIjoiMTExIiwiZW1haWwiOiJzdWJoYW1AZ21haWwuY29tIiwiaWF0IjoxNzQ3NDY2OTI4LCJleHAiOjE3NDc0NzA1Mjh9.om3bXI3TJUZ8bhQleW1Gd2QbNlebFjYwODR8EIhxXcQ"},"msg":"游닌 Incoming API request","time":"2025-05-17T07:29:05.900Z","v":0}
{"name":"node-crud-api","hostname":"Pihu","pid":21180,"level":30,"method":"GET","url":"/api/users/?Authorization=Bearer%20eyJhbGciOiJIUzI1NiIsInR5cCI6IkpXVCJ9.eyJ1c2VyX2lkIjoiMTExIiwiZW1haWwiOiJzdWJoYW1AZ21haWwuY29tIiwiaWF0IjoxNzQ3NDY2OTI4LCJleHAiOjE3NDc0NzA1Mjh9.om3bXI3TJUZ8bhQleW1Gd2QbNlebFjYwODR8EIhxXcQ","params":{},"query":{"Authorization":"Bearer eyJhbGciOiJIUzI1NiIsInR5cCI6IkpXVCJ9.eyJ1c2VyX2lkIjoiMTExIiwiZW1haWwiOiJzdWJoYW1AZ21haWwuY29tIiwiaWF0IjoxNzQ3NDY2OTI4LCJleHAiOjE3NDc0NzA1Mjh9.om3bXI3TJUZ8bhQleW1Gd2QbNlebFjYwODR8EIhxXcQ"},"msg":"游닌 Incoming API request","time":"2025-05-17T07:29:46.733Z","v":0}
{"name":"node-crud-api","hostname":"Pihu","pid":23012,"level":30,"method":"GET","url":"/api/users/?Authorization=Bearer%20eyJhbGciOiJIUzI1NiIsInR5cCI6IkpXVCJ9.eyJ1c2VyX2lkIjoiMTExIiwiZW1haWwiOiJzdWJoYW1AZ21haWwuY29tIiwiaWF0IjoxNzQ3NDY2OTI4LCJleHAiOjE3NDc0NzA1Mjh9.om3bXI3TJUZ8bhQleW1Gd2QbNlebFjYwODR8EIhxXcQ","params":{},"query":{"Authorization":"Bearer eyJhbGciOiJIUzI1NiIsInR5cCI6IkpXVCJ9.eyJ1c2VyX2lkIjoiMTExIiwiZW1haWwiOiJzdWJoYW1AZ21haWwuY29tIiwiaWF0IjoxNzQ3NDY2OTI4LCJleHAiOjE3NDc0NzA1Mjh9.om3bXI3TJUZ8bhQleW1Gd2QbNlebFjYwODR8EIhxXcQ"},"msg":"游닌 Incoming API request","time":"2025-05-17T07:29:56.705Z","v":0}
{"name":"node-crud-api","hostname":"Pihu","pid":16364,"level":30,"method":"GET","url":"/api/users/?Authorization=Bearer%20eyJhbGciOiJIUzI1NiIsInR5cCI6IkpXVCJ9.eyJ1c2VyX2lkIjoiMTExIiwiZW1haWwiOiJzdWJoYW1AZ21haWwuY29tIiwiaWF0IjoxNzQ3NDY2OTI4LCJleHAiOjE3NDc0NzA1Mjh9.om3bXI3TJUZ8bhQleW1Gd2QbNlebFjYwODR8EIhxXcQ","params":{},"query":{"Authorization":"Bearer eyJhbGciOiJIUzI1NiIsInR5cCI6IkpXVCJ9.eyJ1c2VyX2lkIjoiMTExIiwiZW1haWwiOiJzdWJoYW1AZ21haWwuY29tIiwiaWF0IjoxNzQ3NDY2OTI4LCJleHAiOjE3NDc0NzA1Mjh9.om3bXI3TJUZ8bhQleW1Gd2QbNlebFjYwODR8EIhxXcQ"},"msg":"游닌 Incoming API request","time":"2025-05-17T07:30:19.528Z","v":0}
{"name":"node-crud-api","hostname":"Pihu","pid":24188,"level":30,"method":"GET","url":"/api/users/?Authorization=Bearer%20eyJhbGciOiJIUzI1NiIsInR5cCI6IkpXVCJ9.eyJ1c2VyX2lkIjoiMTExIiwiZW1haWwiOiJzdWJoYW1AZ21haWwuY29tIiwiaWF0IjoxNzQ3NDY2OTI4LCJleHAiOjE3NDc0NzA1Mjh9.om3bXI3TJUZ8bhQleW1Gd2QbNlebFjYwODR8EIhxXcQ","params":{},"query":{"Authorization":"Bearer eyJhbGciOiJIUzI1NiIsInR5cCI6IkpXVCJ9.eyJ1c2VyX2lkIjoiMTExIiwiZW1haWwiOiJzdWJoYW1AZ21haWwuY29tIiwiaWF0IjoxNzQ3NDY2OTI4LCJleHAiOjE3NDc0NzA1Mjh9.om3bXI3TJUZ8bhQleW1Gd2QbNlebFjYwODR8EIhxXcQ"},"msg":"游닌 Incoming API request","time":"2025-05-17T07:30:31.750Z","v":0}
{"name":"node-crud-api","hostname":"Pihu","pid":28436,"level":30,"method":"GET","url":"/api/users/?Authorization=Bearer%20eyJhbGciOiJIUzI1NiIsInR5cCI6IkpXVCJ9.eyJ1c2VyX2lkIjoiMTExIiwiZW1haWwiOiJzdWJoYW1AZ21haWwuY29tIiwiaWF0IjoxNzQ3NDY2OTI4LCJleHAiOjE3NDc0NzA1Mjh9.om3bXI3TJUZ8bhQleW1Gd2QbNlebFjYwODR8EIhxXcQ","params":{},"query":{"Authorization":"Bearer eyJhbGciOiJIUzI1NiIsInR5cCI6IkpXVCJ9.eyJ1c2VyX2lkIjoiMTExIiwiZW1haWwiOiJzdWJoYW1AZ21haWwuY29tIiwiaWF0IjoxNzQ3NDY2OTI4LCJleHAiOjE3NDc0NzA1Mjh9.om3bXI3TJUZ8bhQleW1Gd2QbNlebFjYwODR8EIhxXcQ"},"msg":"游닌 Incoming API request","time":"2025-05-17T07:31:25.651Z","v":0}
{"name":"node-crud-api","hostname":"Pihu","pid":5176,"level":30,"method":"GET","url":"/api/users/?Authorization=Bearer%20eyJhbGciOiJIUzI1NiIsInR5cCI6IkpXVCJ9.eyJ1c2VyX2lkIjoiMTExIiwiZW1haWwiOiJzdWJoYW1AZ21haWwuY29tIiwiaWF0IjoxNzQ3NDY2OTI4LCJleHAiOjE3NDc0NzA1Mjh9.om3bXI3TJUZ8bhQleW1Gd2QbNlebFjYwODR8EIhxXcQ","params":{},"query":{"Authorization":"Bearer eyJhbGciOiJIUzI1NiIsInR5cCI6IkpXVCJ9.eyJ1c2VyX2lkIjoiMTExIiwiZW1haWwiOiJzdWJoYW1AZ21haWwuY29tIiwiaWF0IjoxNzQ3NDY2OTI4LCJleHAiOjE3NDc0NzA1Mjh9.om3bXI3TJUZ8bhQleW1Gd2QbNlebFjYwODR8EIhxXcQ"},"msg":"游닌 Incoming API request","time":"2025-05-17T07:32:16.383Z","v":0}
{"name":"node-crud-api","hostname":"Pihu","pid":28496,"level":30,"method":"GET","url":"/api/users/?Authorization=Bearer%20eyJhbGciOiJIUzI1NiIsInR5cCI6IkpXVCJ9.eyJ1c2VyX2lkIjoiMTExIiwiZW1haWwiOiJzdWJoYW1AZ21haWwuY29tIiwiaWF0IjoxNzQ3NDY2OTI4LCJleHAiOjE3NDc0NzA1Mjh9.om3bXI3TJUZ8bhQleW1Gd2QbNlebFjYwODR8EIhxXcQ","params":{},"query":{"Authorization":"Bearer eyJhbGciOiJIUzI1NiIsInR5cCI6IkpXVCJ9.eyJ1c2VyX2lkIjoiMTExIiwiZW1haWwiOiJzdWJoYW1AZ21haWwuY29tIiwiaWF0IjoxNzQ3NDY2OTI4LCJleHAiOjE3NDc0NzA1Mjh9.om3bXI3TJUZ8bhQleW1Gd2QbNlebFjYwODR8EIhxXcQ"},"msg":"游닌 Incoming API request","time":"2025-05-17T07:46:34.130Z","v":0}
{"name":"node-crud-api","hostname":"Pihu","pid":22280,"level":30,"method":"GET","url":"/api/users/?Authorization=Bearer%20eyJhbGciOiJIUzI1NiIsInR5cCI6IkpXVCJ9.eyJ1c2VyX2lkIjoiMTExIiwiZW1haWwiOiJzdWJoYW1AZ21haWwuY29tIiwiaWF0IjoxNzQ3NDY2OTI4LCJleHAiOjE3NDc0NzA1Mjh9.om3bXI3TJUZ8bhQleW1Gd2QbNlebFjYwODR8EIhxXcQ","params":{},"query":{"Authorization":"Bearer eyJhbGciOiJIUzI1NiIsInR5cCI6IkpXVCJ9.eyJ1c2VyX2lkIjoiMTExIiwiZW1haWwiOiJzdWJoYW1AZ21haWwuY29tIiwiaWF0IjoxNzQ3NDY2OTI4LCJleHAiOjE3NDc0NzA1Mjh9.om3bXI3TJUZ8bhQleW1Gd2QbNlebFjYwODR8EIhxXcQ"},"msg":"游닌 Incoming API request","time":"2025-05-17T07:48:50.241Z","v":0}
{"name":"node-crud-api","hostname":"Pihu","pid":22280,"level":30,"method":"GET","url":"/api/users/?authorization=Bearer%20eyJhbGciOiJIUzI1NiIsInR5cCI6IkpXVCJ9.eyJ1c2VyX2lkIjoiMTExIiwiZW1haWwiOiJzdWJoYW1AZ21haWwuY29tIiwiaWF0IjoxNzQ3NDY2OTI4LCJleHAiOjE3NDc0NzA1Mjh9.om3bXI3TJUZ8bhQleW1Gd2QbNlebFjYwODR8EIhxXcQ","params":{},"query":{"authorization":"Bearer eyJhbGciOiJIUzI1NiIsInR5cCI6IkpXVCJ9.eyJ1c2VyX2lkIjoiMTExIiwiZW1haWwiOiJzdWJoYW1AZ21haWwuY29tIiwiaWF0IjoxNzQ3NDY2OTI4LCJleHAiOjE3NDc0NzA1Mjh9.om3bXI3TJUZ8bhQleW1Gd2QbNlebFjYwODR8EIhxXcQ"},"msg":"游닌 Incoming API request","time":"2025-05-17T07:49:32.036Z","v":0}
{"name":"node-crud-api","hostname":"Pihu","pid":22280,"level":30,"method":"POST","url":"/api/users/login","params":{},"query":{},"msg":"游닌 Incoming API request","time":"2025-05-17T07:50:14.445Z","v":0}
{"name":"node-crud-api","hostname":"Pihu","pid":22280,"level":30,"method":"GET","url":"/api/users/?authorization=Bearer%20eyJhbGciOiJIUzI1NiIsInR5cCI6IkpXVCJ9.eyJ1c2VyX2lkIjoiMTExIiwiZW1haWwiOiJzdWJoYW1AZ21haWwuY29tIiwiaWF0IjoxNzQ3NDY4MjE0LCJleHAiOjE3NDc0NzE4MTR9.JfU8tMYJSRAr-9HS3J_afh7K4qrzGu9bnslNJDnanJc","params":{},"query":{"authorization":"Bearer eyJhbGciOiJIUzI1NiIsInR5cCI6IkpXVCJ9.eyJ1c2VyX2lkIjoiMTExIiwiZW1haWwiOiJzdWJoYW1AZ21haWwuY29tIiwiaWF0IjoxNzQ3NDY4MjE0LCJleHAiOjE3NDc0NzE4MTR9.JfU8tMYJSRAr-9HS3J_afh7K4qrzGu9bnslNJDnanJc"},"msg":"游닌 Incoming API request","time":"2025-05-17T07:50:31.708Z","v":0}
{"name":"node-crud-api","hostname":"Pihu","pid":22280,"level":30,"method":"GET","url":"/api/users/","params":{},"query":{},"msg":"游닌 Incoming API request","time":"2025-05-17T07:51:12.632Z","v":0}
{"name":"node-crud-api","hostname":"Pihu","pid":22280,"level":30,"msg":"[\n  {\n    _id: new ObjectId('682831c19d86eff56036eff0'),\n    user_id: '111',\n    name: 'Subham',\n    age: 29,\n    email: 'subham@gmail.com',\n    createdAt: 2025-05-17T06:50:41.343Z,\n    updatedAt: 2025-05-17T06:50:41.343Z\n  }\n]","time":"2025-05-17T07:51:12.645Z","v":0}
{"name":"node-crud-api","hostname":"Pihu","pid":5580,"level":30,"method":"GET","url":"/api/users/","params":{},"query":{},"msg":"游닌 Incoming API request","time":"2025-05-17T07:51:54.642Z","v":0}
{"name":"node-crud-api","hostname":"Pihu","pid":5580,"level":30,"msg":"[\n  {\n    _id: new ObjectId('682831c19d86eff56036eff0'),\n    user_id: '111',\n    name: 'Subham',\n    age: 29,\n    email: 'subham@gmail.com',\n    createdAt: 2025-05-17T06:50:41.343Z,\n    updatedAt: 2025-05-17T06:50:41.343Z\n  }\n]","time":"2025-05-17T07:51:54.676Z","v":0}
{"name":"node-crud-api","hostname":"Pihu","pid":5580,"level":30,"method":"POST","url":"/api/users/login","params":{},"query":{},"msg":"游닌 Incoming API request","time":"2025-05-17T07:51:57.039Z","v":0}
{"name":"node-crud-api","hostname":"Pihu","pid":5580,"level":30,"method":"GET","url":"/api/users/","params":{},"query":{},"msg":"游닌 Incoming API request","time":"2025-05-17T07:51:58.705Z","v":0}
{"name":"node-crud-api","hostname":"Pihu","pid":5580,"level":30,"msg":"[\n  {\n    _id: new ObjectId('682831c19d86eff56036eff0'),\n    user_id: '111',\n    name: 'Subham',\n    age: 29,\n    email: 'subham@gmail.com',\n    createdAt: 2025-05-17T06:50:41.343Z,\n    updatedAt: 2025-05-17T06:50:41.343Z\n  }\n]","time":"2025-05-17T07:51:58.717Z","v":0}
{"name":"node-crud-api","hostname":"Pihu","pid":5580,"level":30,"method":"GET","url":"/api/users/","params":{},"query":{},"msg":"游닌 Incoming API request","time":"2025-05-17T07:51:59.639Z","v":0}
{"name":"node-crud-api","hostname":"Pihu","pid":5580,"level":30,"msg":"[\n  {\n    _id: new ObjectId('682831c19d86eff56036eff0'),\n    user_id: '111',\n    name: 'Subham',\n    age: 29,\n    email: 'subham@gmail.com',\n    createdAt: 2025-05-17T06:50:41.343Z,\n    updatedAt: 2025-05-17T06:50:41.343Z\n  }\n]","time":"2025-05-17T07:51:59.651Z","v":0}
{"name":"node-crud-api","hostname":"Pihu","pid":5580,"level":30,"method":"GET","url":"/api/users/","params":{},"query":{},"msg":"游닌 Incoming API request","time":"2025-05-17T07:52:00.208Z","v":0}
{"name":"node-crud-api","hostname":"Pihu","pid":5580,"level":30,"msg":"[\n  {\n    _id: new ObjectId('682831c19d86eff56036eff0'),\n    user_id: '111',\n    name: 'Subham',\n    age: 29,\n    email: 'subham@gmail.com',\n    createdAt: 2025-05-17T06:50:41.343Z,\n    updatedAt: 2025-05-17T06:50:41.343Z\n  }\n]","time":"2025-05-17T07:52:00.219Z","v":0}
{"name":"node-crud-api","hostname":"Pihu","pid":5580,"level":30,"method":"GET","url":"/api/users/","params":{},"query":{},"msg":"游닌 Incoming API request","time":"2025-05-17T07:52:06.868Z","v":0}
{"name":"node-crud-api","hostname":"Pihu","pid":5580,"level":30,"msg":"[\n  {\n    _id: new ObjectId('682831c19d86eff56036eff0'),\n    user_id: '111',\n    name: 'Subham',\n    age: 29,\n    email: 'subham@gmail.com',\n    createdAt: 2025-05-17T06:50:41.343Z,\n    updatedAt: 2025-05-17T06:50:41.343Z\n  }\n]","time":"2025-05-17T07:52:06.878Z","v":0}
{"name":"node-crud-api","hostname":"Pihu","pid":5580,"level":30,"method":"GET","url":"/api/users/","params":{},"query":{},"msg":"游닌 Incoming API request","time":"2025-05-17T07:52:07.407Z","v":0}
{"name":"node-crud-api","hostname":"Pihu","pid":5580,"level":30,"msg":"[\n  {\n    _id: new ObjectId('682831c19d86eff56036eff0'),\n    user_id: '111',\n    name: 'Subham',\n    age: 29,\n    email: 'subham@gmail.com',\n    createdAt: 2025-05-17T06:50:41.343Z,\n    updatedAt: 2025-05-17T06:50:41.343Z\n  }\n]","time":"2025-05-17T07:52:07.414Z","v":0}
{"name":"node-crud-api","hostname":"Pihu","pid":5580,"level":30,"method":"GET","url":"/api/users/","params":{},"query":{},"msg":"游닌 Incoming API request","time":"2025-05-17T07:52:07.924Z","v":0}
{"name":"node-crud-api","hostname":"Pihu","pid":5580,"level":30,"msg":"[\n  {\n    _id: new ObjectId('682831c19d86eff56036eff0'),\n    user_id: '111',\n    name: 'Subham',\n    age: 29,\n    email: 'subham@gmail.com',\n    createdAt: 2025-05-17T06:50:41.343Z,\n    updatedAt: 2025-05-17T06:50:41.343Z\n  }\n]","time":"2025-05-17T07:52:07.934Z","v":0}
{"name":"node-crud-api","hostname":"Pihu","pid":5580,"level":30,"method":"GET","url":"/api/users/","params":{},"query":{},"msg":"游닌 Incoming API request","time":"2025-05-17T07:52:08.211Z","v":0}
{"name":"node-crud-api","hostname":"Pihu","pid":5580,"level":30,"msg":"[\n  {\n    _id: new ObjectId('682831c19d86eff56036eff0'),\n    user_id: '111',\n    name: 'Subham',\n    age: 29,\n    email: 'subham@gmail.com',\n    createdAt: 2025-05-17T06:50:41.343Z,\n    updatedAt: 2025-05-17T06:50:41.343Z\n  }\n]","time":"2025-05-17T07:52:08.219Z","v":0}
{"name":"node-crud-api","hostname":"Pihu","pid":5580,"level":30,"method":"GET","url":"/api/users/","params":{},"query":{},"msg":"游닌 Incoming API request","time":"2025-05-17T07:52:08.446Z","v":0}
{"name":"node-crud-api","hostname":"Pihu","pid":5580,"level":30,"msg":"[\n  {\n    _id: new ObjectId('682831c19d86eff56036eff0'),\n    user_id: '111',\n    name: 'Subham',\n    age: 29,\n    email: 'subham@gmail.com',\n    createdAt: 2025-05-17T06:50:41.343Z,\n    updatedAt: 2025-05-17T06:50:41.343Z\n  }\n]","time":"2025-05-17T07:52:08.455Z","v":0}
{"name":"node-crud-api","hostname":"Pihu","pid":5580,"level":30,"method":"GET","url":"/api/users/","params":{},"query":{},"msg":"游닌 Incoming API request","time":"2025-05-17T07:52:08.678Z","v":0}
{"name":"node-crud-api","hostname":"Pihu","pid":5580,"level":30,"msg":"[\n  {\n    _id: new ObjectId('682831c19d86eff56036eff0'),\n    user_id: '111',\n    name: 'Subham',\n    age: 29,\n    email: 'subham@gmail.com',\n    createdAt: 2025-05-17T06:50:41.343Z,\n    updatedAt: 2025-05-17T06:50:41.343Z\n  }\n]","time":"2025-05-17T07:52:08.689Z","v":0}
{"name":"node-crud-api","hostname":"Pihu","pid":5580,"level":30,"method":"GET","url":"/api/users/","params":{},"query":{},"msg":"游닌 Incoming API request","time":"2025-05-17T07:52:08.910Z","v":0}
{"name":"node-crud-api","hostname":"Pihu","pid":5580,"level":30,"msg":"[\n  {\n    _id: new ObjectId('682831c19d86eff56036eff0'),\n    user_id: '111',\n    name: 'Subham',\n    age: 29,\n    email: 'subham@gmail.com',\n    createdAt: 2025-05-17T06:50:41.343Z,\n    updatedAt: 2025-05-17T06:50:41.343Z\n  }\n]","time":"2025-05-17T07:52:08.917Z","v":0}
{"name":"node-crud-api","hostname":"Pihu","pid":5580,"level":30,"method":"GET","url":"/api/users/","params":{},"query":{},"msg":"游닌 Incoming API request","time":"2025-05-17T07:52:09.147Z","v":0}
{"name":"node-crud-api","hostname":"Pihu","pid":5580,"level":30,"msg":"[\n  {\n    _id: new ObjectId('682831c19d86eff56036eff0'),\n    user_id: '111',\n    name: 'Subham',\n    age: 29,\n    email: 'subham@gmail.com',\n    createdAt: 2025-05-17T06:50:41.343Z,\n    updatedAt: 2025-05-17T06:50:41.343Z\n  }\n]","time":"2025-05-17T07:52:09.155Z","v":0}
{"name":"node-crud-api","hostname":"Pihu","pid":5580,"level":30,"method":"GET","url":"/api/users/","params":{},"query":{},"msg":"游닌 Incoming API request","time":"2025-05-17T07:52:09.396Z","v":0}
{"name":"node-crud-api","hostname":"Pihu","pid":5580,"level":30,"msg":"[\n  {\n    _id: new ObjectId('682831c19d86eff56036eff0'),\n    user_id: '111',\n    name: 'Subham',\n    age: 29,\n    email: 'subham@gmail.com',\n    createdAt: 2025-05-17T06:50:41.343Z,\n    updatedAt: 2025-05-17T06:50:41.343Z\n  }\n]","time":"2025-05-17T07:52:09.404Z","v":0}
{"name":"node-crud-api","hostname":"Pihu","pid":5580,"level":30,"method":"GET","url":"/api/users/","params":{},"query":{},"msg":"游닌 Incoming API request","time":"2025-05-17T07:52:09.695Z","v":0}
{"name":"node-crud-api","hostname":"Pihu","pid":5580,"level":30,"msg":"[\n  {\n    _id: new ObjectId('682831c19d86eff56036eff0'),\n    user_id: '111',\n    name: 'Subham',\n    age: 29,\n    email: 'subham@gmail.com',\n    createdAt: 2025-05-17T06:50:41.343Z,\n    updatedAt: 2025-05-17T06:50:41.343Z\n  }\n]","time":"2025-05-17T07:52:09.703Z","v":0}
{"name":"node-crud-api","hostname":"Pihu","pid":5580,"level":30,"method":"GET","url":"/api/users/","params":{},"query":{},"msg":"游닌 Incoming API request","time":"2025-05-17T07:52:10.015Z","v":0}
{"name":"node-crud-api","hostname":"Pihu","pid":5580,"level":30,"msg":"[\n  {\n    _id: new ObjectId('682831c19d86eff56036eff0'),\n    user_id: '111',\n    name: 'Subham',\n    age: 29,\n    email: 'subham@gmail.com',\n    createdAt: 2025-05-17T06:50:41.343Z,\n    updatedAt: 2025-05-17T06:50:41.343Z\n  }\n]","time":"2025-05-17T07:52:10.024Z","v":0}
{"name":"node-crud-api","hostname":"Pihu","pid":5580,"level":30,"method":"GET","url":"/api/users/","params":{},"query":{},"msg":"游닌 Incoming API request","time":"2025-05-17T07:52:10.333Z","v":0}
{"name":"node-crud-api","hostname":"Pihu","pid":5580,"level":30,"msg":"[\n  {\n    _id: new ObjectId('682831c19d86eff56036eff0'),\n    user_id: '111',\n    name: 'Subham',\n    age: 29,\n    email: 'subham@gmail.com',\n    createdAt: 2025-05-17T06:50:41.343Z,\n    updatedAt: 2025-05-17T06:50:41.343Z\n  }\n]","time":"2025-05-17T07:52:10.340Z","v":0}
{"name":"node-crud-api","hostname":"Pihu","pid":5580,"level":30,"method":"GET","url":"/api/users/","params":{},"query":{},"msg":"游닌 Incoming API request","time":"2025-05-17T07:52:10.732Z","v":0}
{"name":"node-crud-api","hostname":"Pihu","pid":5580,"level":30,"msg":"[\n  {\n    _id: new ObjectId('682831c19d86eff56036eff0'),\n    user_id: '111',\n    name: 'Subham',\n    age: 29,\n    email: 'subham@gmail.com',\n    createdAt: 2025-05-17T06:50:41.343Z,\n    updatedAt: 2025-05-17T06:50:41.343Z\n  }\n]","time":"2025-05-17T07:52:10.739Z","v":0}
{"name":"node-crud-api","hostname":"Pihu","pid":5580,"level":30,"method":"GET","url":"/api/users/","params":{},"query":{},"msg":"游닌 Incoming API request","time":"2025-05-17T07:52:11.129Z","v":0}
{"name":"node-crud-api","hostname":"Pihu","pid":5580,"level":30,"msg":"[\n  {\n    _id: new ObjectId('682831c19d86eff56036eff0'),\n    user_id: '111',\n    name: 'Subham',\n    age: 29,\n    email: 'subham@gmail.com',\n    createdAt: 2025-05-17T06:50:41.343Z,\n    updatedAt: 2025-05-17T06:50:41.343Z\n  }\n]","time":"2025-05-17T07:52:11.137Z","v":0}
{"name":"node-crud-api","hostname":"Pihu","pid":5580,"level":30,"method":"GET","url":"/api/users/","params":{},"query":{},"msg":"游닌 Incoming API request","time":"2025-05-17T07:52:11.499Z","v":0}
{"name":"node-crud-api","hostname":"Pihu","pid":5580,"level":30,"msg":"[\n  {\n    _id: new ObjectId('682831c19d86eff56036eff0'),\n    user_id: '111',\n    name: 'Subham',\n    age: 29,\n    email: 'subham@gmail.com',\n    createdAt: 2025-05-17T06:50:41.343Z,\n    updatedAt: 2025-05-17T06:50:41.343Z\n  }\n]","time":"2025-05-17T07:52:11.506Z","v":0}
{"name":"node-crud-api","hostname":"Pihu","pid":5580,"level":30,"method":"GET","url":"/api/users/","params":{},"query":{},"msg":"游닌 Incoming API request","time":"2025-05-17T07:52:11.838Z","v":0}
{"name":"node-crud-api","hostname":"Pihu","pid":5580,"level":30,"msg":"[\n  {\n    _id: new ObjectId('682831c19d86eff56036eff0'),\n    user_id: '111',\n    name: 'Subham',\n    age: 29,\n    email: 'subham@gmail.com',\n    createdAt: 2025-05-17T06:50:41.343Z,\n    updatedAt: 2025-05-17T06:50:41.343Z\n  }\n]","time":"2025-05-17T07:52:11.842Z","v":0}
{"name":"node-crud-api","hostname":"Pihu","pid":5580,"level":30,"method":"GET","url":"/api/users/","params":{},"query":{},"msg":"游닌 Incoming API request","time":"2025-05-17T07:52:12.059Z","v":0}
{"name":"node-crud-api","hostname":"Pihu","pid":5580,"level":30,"msg":"[\n  {\n    _id: new ObjectId('682831c19d86eff56036eff0'),\n    user_id: '111',\n    name: 'Subham',\n    age: 29,\n    email: 'subham@gmail.com',\n    createdAt: 2025-05-17T06:50:41.343Z,\n    updatedAt: 2025-05-17T06:50:41.343Z\n  }\n]","time":"2025-05-17T07:52:12.063Z","v":0}
{"name":"node-crud-api","hostname":"Pihu","pid":5580,"level":30,"method":"GET","url":"/api/users/","params":{},"query":{},"msg":"游닌 Incoming API request","time":"2025-05-17T07:52:12.272Z","v":0}
{"name":"node-crud-api","hostname":"Pihu","pid":5580,"level":30,"msg":"[\n  {\n    _id: new ObjectId('682831c19d86eff56036eff0'),\n    user_id: '111',\n    name: 'Subham',\n    age: 29,\n    email: 'subham@gmail.com',\n    createdAt: 2025-05-17T06:50:41.343Z,\n    updatedAt: 2025-05-17T06:50:41.343Z\n  }\n]","time":"2025-05-17T07:52:12.277Z","v":0}
{"name":"node-crud-api","hostname":"Pihu","pid":5580,"level":30,"method":"GET","url":"/api/users/","params":{},"query":{},"msg":"游닌 Incoming API request","time":"2025-05-17T07:52:12.434Z","v":0}
{"name":"node-crud-api","hostname":"Pihu","pid":5580,"level":30,"msg":"[\n  {\n    _id: new ObjectId('682831c19d86eff56036eff0'),\n    user_id: '111',\n    name: 'Subham',\n    age: 29,\n    email: 'subham@gmail.com',\n    createdAt: 2025-05-17T06:50:41.343Z,\n    updatedAt: 2025-05-17T06:50:41.343Z\n  }\n]","time":"2025-05-17T07:52:12.439Z","v":0}
{"name":"node-crud-api","hostname":"Pihu","pid":5580,"level":30,"method":"GET","url":"/api/users/","params":{},"query":{},"msg":"游닌 Incoming API request","time":"2025-05-17T07:52:12.651Z","v":0}
{"name":"node-crud-api","hostname":"Pihu","pid":5580,"level":30,"msg":"[\n  {\n    _id: new ObjectId('682831c19d86eff56036eff0'),\n    user_id: '111',\n    name: 'Subham',\n    age: 29,\n    email: 'subham@gmail.com',\n    createdAt: 2025-05-17T06:50:41.343Z,\n    updatedAt: 2025-05-17T06:50:41.343Z\n  }\n]","time":"2025-05-17T07:52:12.658Z","v":0}
{"name":"node-crud-api","hostname":"Pihu","pid":5580,"level":30,"method":"GET","url":"/api/users/","params":{},"query":{},"msg":"游닌 Incoming API request","time":"2025-05-17T07:52:12.803Z","v":0}
{"name":"node-crud-api","hostname":"Pihu","pid":5580,"level":30,"msg":"[\n  {\n    _id: new ObjectId('682831c19d86eff56036eff0'),\n    user_id: '111',\n    name: 'Subham',\n    age: 29,\n    email: 'subham@gmail.com',\n    createdAt: 2025-05-17T06:50:41.343Z,\n    updatedAt: 2025-05-17T06:50:41.343Z\n  }\n]","time":"2025-05-17T07:52:12.809Z","v":0}
{"name":"node-crud-api","hostname":"Pihu","pid":5580,"level":30,"method":"GET","url":"/api/users/","params":{},"query":{},"msg":"游닌 Incoming API request","time":"2025-05-17T07:52:12.988Z","v":0}
{"name":"node-crud-api","hostname":"Pihu","pid":5580,"level":30,"msg":"[\n  {\n    _id: new ObjectId('682831c19d86eff56036eff0'),\n    user_id: '111',\n    name: 'Subham',\n    age: 29,\n    email: 'subham@gmail.com',\n    createdAt: 2025-05-17T06:50:41.343Z,\n    updatedAt: 2025-05-17T06:50:41.343Z\n  }\n]","time":"2025-05-17T07:52:12.994Z","v":0}
{"name":"node-crud-api","hostname":"Pihu","pid":5580,"level":30,"method":"GET","url":"/api/users/","params":{},"query":{},"msg":"游닌 Incoming API request","time":"2025-05-17T07:52:13.212Z","v":0}
{"name":"node-crud-api","hostname":"Pihu","pid":5580,"level":30,"msg":"[\n  {\n    _id: new ObjectId('682831c19d86eff56036eff0'),\n    user_id: '111',\n    name: 'Subham',\n    age: 29,\n    email: 'subham@gmail.com',\n    createdAt: 2025-05-17T06:50:41.343Z,\n    updatedAt: 2025-05-17T06:50:41.343Z\n  }\n]","time":"2025-05-17T07:52:13.217Z","v":0}
{"name":"node-crud-api","hostname":"Pihu","pid":5580,"level":30,"method":"GET","url":"/api/users/","params":{},"query":{},"msg":"游닌 Incoming API request","time":"2025-05-17T07:52:13.324Z","v":0}
{"name":"node-crud-api","hostname":"Pihu","pid":5580,"level":30,"msg":"[\n  {\n    _id: new ObjectId('682831c19d86eff56036eff0'),\n    user_id: '111',\n    name: 'Subham',\n    age: 29,\n    email: 'subham@gmail.com',\n    createdAt: 2025-05-17T06:50:41.343Z,\n    updatedAt: 2025-05-17T06:50:41.343Z\n  }\n]","time":"2025-05-17T07:52:13.328Z","v":0}
{"name":"node-crud-api","hostname":"Pihu","pid":5580,"level":30,"method":"GET","url":"/api/users/","params":{},"query":{},"msg":"游닌 Incoming API request","time":"2025-05-17T07:52:13.505Z","v":0}
{"name":"node-crud-api","hostname":"Pihu","pid":5580,"level":30,"msg":"[\n  {\n    _id: new ObjectId('682831c19d86eff56036eff0'),\n    user_id: '111',\n    name: 'Subham',\n    age: 29,\n    email: 'subham@gmail.com',\n    createdAt: 2025-05-17T06:50:41.343Z,\n    updatedAt: 2025-05-17T06:50:41.343Z\n  }\n]","time":"2025-05-17T07:52:13.511Z","v":0}
{"name":"node-crud-api","hostname":"Pihu","pid":5580,"level":30,"method":"GET","url":"/api/users/","params":{},"query":{},"msg":"游닌 Incoming API request","time":"2025-05-17T07:52:13.687Z","v":0}
{"name":"node-crud-api","hostname":"Pihu","pid":5580,"level":30,"msg":"[\n  {\n    _id: new ObjectId('682831c19d86eff56036eff0'),\n    user_id: '111',\n    name: 'Subham',\n    age: 29,\n    email: 'subham@gmail.com',\n    createdAt: 2025-05-17T06:50:41.343Z,\n    updatedAt: 2025-05-17T06:50:41.343Z\n  }\n]","time":"2025-05-17T07:52:13.692Z","v":0}
{"name":"node-crud-api","hostname":"Pihu","pid":5580,"level":30,"method":"GET","url":"/api/users/","params":{},"query":{},"msg":"游닌 Incoming API request","time":"2025-05-17T07:52:13.975Z","v":0}
{"name":"node-crud-api","hostname":"Pihu","pid":5580,"level":30,"msg":"[\n  {\n    _id: new ObjectId('682831c19d86eff56036eff0'),\n    user_id: '111',\n    name: 'Subham',\n    age: 29,\n    email: 'subham@gmail.com',\n    createdAt: 2025-05-17T06:50:41.343Z,\n    updatedAt: 2025-05-17T06:50:41.343Z\n  }\n]","time":"2025-05-17T07:52:13.980Z","v":0}
{"name":"node-crud-api","hostname":"Pihu","pid":5580,"level":30,"method":"GET","url":"/api/users/","params":{},"query":{},"msg":"游닌 Incoming API request","time":"2025-05-17T07:52:14.490Z","v":0}
{"name":"node-crud-api","hostname":"Pihu","pid":5580,"level":30,"msg":"[\n  {\n    _id: new ObjectId('682831c19d86eff56036eff0'),\n    user_id: '111',\n    name: 'Subham',\n    age: 29,\n    email: 'subham@gmail.com',\n    createdAt: 2025-05-17T06:50:41.343Z,\n    updatedAt: 2025-05-17T06:50:41.343Z\n  }\n]","time":"2025-05-17T07:52:14.499Z","v":0}
{"name":"node-crud-api","hostname":"Pihu","pid":5580,"level":30,"method":"GET","url":"/api/users/","params":{},"query":{},"msg":"游닌 Incoming API request","time":"2025-05-17T07:52:14.710Z","v":0}
{"name":"node-crud-api","hostname":"Pihu","pid":5580,"level":30,"msg":"[\n  {\n    _id: new ObjectId('682831c19d86eff56036eff0'),\n    user_id: '111',\n    name: 'Subham',\n    age: 29,\n    email: 'subham@gmail.com',\n    createdAt: 2025-05-17T06:50:41.343Z,\n    updatedAt: 2025-05-17T06:50:41.343Z\n  }\n]","time":"2025-05-17T07:52:14.718Z","v":0}
{"name":"node-crud-api","hostname":"Pihu","pid":5580,"level":30,"method":"GET","url":"/api/users/","params":{},"query":{},"msg":"游닌 Incoming API request","time":"2025-05-17T07:52:14.937Z","v":0}
{"name":"node-crud-api","hostname":"Pihu","pid":5580,"level":30,"msg":"[\n  {\n    _id: new ObjectId('682831c19d86eff56036eff0'),\n    user_id: '111',\n    name: 'Subham',\n    age: 29,\n    email: 'subham@gmail.com',\n    createdAt: 2025-05-17T06:50:41.343Z,\n    updatedAt: 2025-05-17T06:50:41.343Z\n  }\n]","time":"2025-05-17T07:52:14.942Z","v":0}
{"name":"node-crud-api","hostname":"Pihu","pid":5580,"level":30,"method":"GET","url":"/api/users/","params":{},"query":{},"msg":"游닌 Incoming API request","time":"2025-05-17T07:52:24.255Z","v":0}
{"name":"node-crud-api","hostname":"Pihu","pid":5580,"level":30,"msg":"[\n  {\n    _id: new ObjectId('682831c19d86eff56036eff0'),\n    user_id: '111',\n    name: 'Subham',\n    age: 29,\n    email: 'subham@gmail.com',\n    createdAt: 2025-05-17T06:50:41.343Z,\n    updatedAt: 2025-05-17T06:50:41.343Z\n  }\n]","time":"2025-05-17T07:52:24.264Z","v":0}
{"name":"node-crud-api","hostname":"Pihu","pid":5580,"level":30,"method":"GET","url":"/api/users/","params":{},"query":{},"msg":"游닌 Incoming API request","time":"2025-05-17T07:52:24.849Z","v":0}
{"name":"node-crud-api","hostname":"Pihu","pid":5580,"level":30,"msg":"[\n  {\n    _id: new ObjectId('682831c19d86eff56036eff0'),\n    user_id: '111',\n    name: 'Subham',\n    age: 29,\n    email: 'subham@gmail.com',\n    createdAt: 2025-05-17T06:50:41.343Z,\n    updatedAt: 2025-05-17T06:50:41.343Z\n  }\n]","time":"2025-05-17T07:52:24.857Z","v":0}
{"name":"node-crud-api","hostname":"Pihu","pid":5580,"level":30,"method":"GET","url":"/api/users/","params":{},"query":{},"msg":"游닌 Incoming API request","time":"2025-05-17T07:52:25.582Z","v":0}
{"name":"node-crud-api","hostname":"Pihu","pid":5580,"level":30,"msg":"[\n  {\n    _id: new ObjectId('682831c19d86eff56036eff0'),\n    user_id: '111',\n    name: 'Subham',\n    age: 29,\n    email: 'subham@gmail.com',\n    createdAt: 2025-05-17T06:50:41.343Z,\n    updatedAt: 2025-05-17T06:50:41.343Z\n  }\n]","time":"2025-05-17T07:52:25.589Z","v":0}
{"name":"node-crud-api","hostname":"Pihu","pid":5580,"level":30,"method":"GET","url":"/api/users/","params":{},"query":{},"msg":"游닌 Incoming API request","time":"2025-05-17T07:53:19.029Z","v":0}
{"name":"node-crud-api","hostname":"Pihu","pid":5580,"level":30,"msg":"[\n  {\n    _id: new ObjectId('682831c19d86eff56036eff0'),\n    user_id: '111',\n    name: 'Subham',\n    age: 29,\n    email: 'subham@gmail.com',\n    createdAt: 2025-05-17T06:50:41.343Z,\n    updatedAt: 2025-05-17T06:50:41.343Z\n  }\n]","time":"2025-05-17T07:53:19.035Z","v":0}
{"name":"node-crud-api","hostname":"Pihu","pid":5580,"level":30,"method":"GET","url":"/api/users/","params":{},"query":{},"msg":"游닌 Incoming API request","time":"2025-05-17T07:53:58.074Z","v":0}
{"name":"node-crud-api","hostname":"Pihu","pid":5580,"level":30,"msg":"[\n  {\n    _id: new ObjectId('682831c19d86eff56036eff0'),\n    user_id: '111',\n    name: 'Subham',\n    age: 29,\n    email: 'subham@gmail.com',\n    createdAt: 2025-05-17T06:50:41.343Z,\n    updatedAt: 2025-05-17T06:50:41.343Z\n  }\n]","time":"2025-05-17T07:53:58.081Z","v":0}
{"name":"node-crud-api","hostname":"Pihu","pid":5580,"level":30,"method":"GET","url":"/api/users/","params":{},"query":{},"msg":"游닌 Incoming API request","time":"2025-05-17T07:54:07.310Z","v":0}
{"name":"node-crud-api","hostname":"Pihu","pid":5580,"level":30,"method":"POST","url":"/api/users/login","params":{},"query":{},"msg":"游닌 Incoming API request","time":"2025-05-17T07:54:11.645Z","v":0}
{"name":"node-crud-api","hostname":"Pihu","pid":5580,"level":30,"method":"GET","url":"/api/users/","params":{},"query":{},"msg":"游닌 Incoming API request","time":"2025-05-17T07:54:18.544Z","v":0}
{"name":"node-crud-api","hostname":"Pihu","pid":5580,"level":30,"msg":"[\n  {\n    _id: new ObjectId('682831c19d86eff56036eff0'),\n    user_id: '111',\n    name: 'Subham',\n    age: 29,\n    email: 'subham@gmail.com',\n    createdAt: 2025-05-17T06:50:41.343Z,\n    updatedAt: 2025-05-17T06:50:41.343Z\n  }\n]","time":"2025-05-17T07:54:18.550Z","v":0}
{"name":"node-crud-api","hostname":"Pihu","pid":5580,"level":30,"method":"GET","url":"/api/users/","params":{},"query":{},"msg":"游닌 Incoming API request","time":"2025-05-17T07:54:19.702Z","v":0}
{"name":"node-crud-api","hostname":"Pihu","pid":5580,"level":30,"msg":"[\n  {\n    _id: new ObjectId('682831c19d86eff56036eff0'),\n    user_id: '111',\n    name: 'Subham',\n    age: 29,\n    email: 'subham@gmail.com',\n    createdAt: 2025-05-17T06:50:41.343Z,\n    updatedAt: 2025-05-17T06:50:41.343Z\n  }\n]","time":"2025-05-17T07:54:19.711Z","v":0}
{"name":"node-crud-api","hostname":"Pihu","pid":5580,"level":30,"method":"GET","url":"/api/users/","params":{},"query":{},"msg":"游닌 Incoming API request","time":"2025-05-17T07:54:20.182Z","v":0}
{"name":"node-crud-api","hostname":"Pihu","pid":5580,"level":30,"msg":"[\n  {\n    _id: new ObjectId('682831c19d86eff56036eff0'),\n    user_id: '111',\n    name: 'Subham',\n    age: 29,\n    email: 'subham@gmail.com',\n    createdAt: 2025-05-17T06:50:41.343Z,\n    updatedAt: 2025-05-17T06:50:41.343Z\n  }\n]","time":"2025-05-17T07:54:20.189Z","v":0}
{"name":"node-crud-api","hostname":"Pihu","pid":5580,"level":30,"method":"GET","url":"/api/users/","params":{},"query":{},"msg":"游닌 Incoming API request","time":"2025-05-17T07:54:20.662Z","v":0}
{"name":"node-crud-api","hostname":"Pihu","pid":5580,"level":30,"msg":"[\n  {\n    _id: new ObjectId('682831c19d86eff56036eff0'),\n    user_id: '111',\n    name: 'Subham',\n    age: 29,\n    email: 'subham@gmail.com',\n    createdAt: 2025-05-17T06:50:41.343Z,\n    updatedAt: 2025-05-17T06:50:41.343Z\n  }\n]","time":"2025-05-17T07:54:20.669Z","v":0}
{"name":"node-crud-api","hostname":"Pihu","pid":5580,"level":30,"method":"GET","url":"/api/users/","params":{},"query":{},"msg":"游닌 Incoming API request","time":"2025-05-17T07:54:21.146Z","v":0}
{"name":"node-crud-api","hostname":"Pihu","pid":5580,"level":30,"msg":"[\n  {\n    _id: new ObjectId('682831c19d86eff56036eff0'),\n    user_id: '111',\n    name: 'Subham',\n    age: 29,\n    email: 'subham@gmail.com',\n    createdAt: 2025-05-17T06:50:41.343Z,\n    updatedAt: 2025-05-17T06:50:41.343Z\n  }\n]","time":"2025-05-17T07:54:21.153Z","v":0}
{"name":"node-crud-api","hostname":"Pihu","pid":5580,"level":30,"method":"GET","url":"/api/users/","params":{},"query":{},"msg":"游닌 Incoming API request","time":"2025-05-17T07:54:21.610Z","v":0}
{"name":"node-crud-api","hostname":"Pihu","pid":5580,"level":30,"msg":"[\n  {\n    _id: new ObjectId('682831c19d86eff56036eff0'),\n    user_id: '111',\n    name: 'Subham',\n    age: 29,\n    email: 'subham@gmail.com',\n    createdAt: 2025-05-17T06:50:41.343Z,\n    updatedAt: 2025-05-17T06:50:41.343Z\n  }\n]","time":"2025-05-17T07:54:21.618Z","v":0}
{"name":"node-crud-api","hostname":"Pihu","pid":5580,"level":30,"method":"GET","url":"/api/users/","params":{},"query":{},"msg":"游닌 Incoming API request","time":"2025-05-17T07:54:22.065Z","v":0}
{"name":"node-crud-api","hostname":"Pihu","pid":5580,"level":30,"msg":"[\n  {\n    _id: new ObjectId('682831c19d86eff56036eff0'),\n    user_id: '111',\n    name: 'Subham',\n    age: 29,\n    email: 'subham@gmail.com',\n    createdAt: 2025-05-17T06:50:41.343Z,\n    updatedAt: 2025-05-17T06:50:41.343Z\n  }\n]","time":"2025-05-17T07:54:22.072Z","v":0}
{"name":"node-crud-api","hostname":"Pihu","pid":5580,"level":30,"method":"GET","url":"/api/users/","params":{},"query":{},"msg":"游닌 Incoming API request","time":"2025-05-17T07:54:22.552Z","v":0}
{"name":"node-crud-api","hostname":"Pihu","pid":5580,"level":30,"msg":"[\n  {\n    _id: new ObjectId('682831c19d86eff56036eff0'),\n    user_id: '111',\n    name: 'Subham',\n    age: 29,\n    email: 'subham@gmail.com',\n    createdAt: 2025-05-17T06:50:41.343Z,\n    updatedAt: 2025-05-17T06:50:41.343Z\n  }\n]","time":"2025-05-17T07:54:22.558Z","v":0}
{"name":"node-crud-api","hostname":"Pihu","pid":5580,"level":30,"method":"GET","url":"/api/users/","params":{},"query":{},"msg":"游닌 Incoming API request","time":"2025-05-17T07:54:23.026Z","v":0}
{"name":"node-crud-api","hostname":"Pihu","pid":5580,"level":30,"msg":"[\n  {\n    _id: new ObjectId('682831c19d86eff56036eff0'),\n    user_id: '111',\n    name: 'Subham',\n    age: 29,\n    email: 'subham@gmail.com',\n    createdAt: 2025-05-17T06:50:41.343Z,\n    updatedAt: 2025-05-17T06:50:41.343Z\n  }\n]","time":"2025-05-17T07:54:23.035Z","v":0}
{"name":"node-crud-api","hostname":"Pihu","pid":5580,"level":30,"method":"GET","url":"/api/users/","params":{},"query":{},"msg":"游닌 Incoming API request","time":"2025-05-17T07:54:23.507Z","v":0}
{"name":"node-crud-api","hostname":"Pihu","pid":5580,"level":30,"msg":"[\n  {\n    _id: new ObjectId('682831c19d86eff56036eff0'),\n    user_id: '111',\n    name: 'Subham',\n    age: 29,\n    email: 'subham@gmail.com',\n    createdAt: 2025-05-17T06:50:41.343Z,\n    updatedAt: 2025-05-17T06:50:41.343Z\n  }\n]","time":"2025-05-17T07:54:23.514Z","v":0}
{"name":"node-crud-api","hostname":"Pihu","pid":5580,"level":30,"method":"GET","url":"/api/users/","params":{},"query":{},"msg":"游닌 Incoming API request","time":"2025-05-17T07:54:23.925Z","v":0}
{"name":"node-crud-api","hostname":"Pihu","pid":5580,"level":30,"msg":"[\n  {\n    _id: new ObjectId('682831c19d86eff56036eff0'),\n    user_id: '111',\n    name: 'Subham',\n    age: 29,\n    email: 'subham@gmail.com',\n    createdAt: 2025-05-17T06:50:41.343Z,\n    updatedAt: 2025-05-17T06:50:41.343Z\n  }\n]","time":"2025-05-17T07:54:23.933Z","v":0}
{"name":"node-crud-api","hostname":"Pihu","pid":5580,"level":30,"method":"GET","url":"/api/users/","params":{},"query":{},"msg":"游닌 Incoming API request","time":"2025-05-17T07:54:24.327Z","v":0}
{"name":"node-crud-api","hostname":"Pihu","pid":5580,"level":30,"msg":"[\n  {\n    _id: new ObjectId('682831c19d86eff56036eff0'),\n    user_id: '111',\n    name: 'Subham',\n    age: 29,\n    email: 'subham@gmail.com',\n    createdAt: 2025-05-17T06:50:41.343Z,\n    updatedAt: 2025-05-17T06:50:41.343Z\n  }\n]","time":"2025-05-17T07:54:24.335Z","v":0}
{"name":"node-crud-api","hostname":"Pihu","pid":5580,"level":30,"method":"GET","url":"/api/users/","params":{},"query":{},"msg":"游닌 Incoming API request","time":"2025-05-17T07:54:24.726Z","v":0}
{"name":"node-crud-api","hostname":"Pihu","pid":5580,"level":30,"msg":"[\n  {\n    _id: new ObjectId('682831c19d86eff56036eff0'),\n    user_id: '111',\n    name: 'Subham',\n    age: 29,\n    email: 'subham@gmail.com',\n    createdAt: 2025-05-17T06:50:41.343Z,\n    updatedAt: 2025-05-17T06:50:41.343Z\n  }\n]","time":"2025-05-17T07:54:24.733Z","v":0}
{"name":"node-crud-api","hostname":"Pihu","pid":5580,"level":30,"method":"GET","url":"/api/users/","params":{},"query":{},"msg":"游닌 Incoming API request","time":"2025-05-17T07:54:25.187Z","v":0}
{"name":"node-crud-api","hostname":"Pihu","pid":5580,"level":30,"msg":"[\n  {\n    _id: new ObjectId('682831c19d86eff56036eff0'),\n    user_id: '111',\n    name: 'Subham',\n    age: 29,\n    email: 'subham@gmail.com',\n    createdAt: 2025-05-17T06:50:41.343Z,\n    updatedAt: 2025-05-17T06:50:41.343Z\n  }\n]","time":"2025-05-17T07:54:25.192Z","v":0}
{"name":"node-crud-api","hostname":"Pihu","pid":5580,"level":30,"method":"GET","url":"/api/users/","params":{},"query":{},"msg":"游닌 Incoming API request","time":"2025-05-17T07:54:25.601Z","v":0}
{"name":"node-crud-api","hostname":"Pihu","pid":5580,"level":30,"msg":"[\n  {\n    _id: new ObjectId('682831c19d86eff56036eff0'),\n    user_id: '111',\n    name: 'Subham',\n    age: 29,\n    email: 'subham@gmail.com',\n    createdAt: 2025-05-17T06:50:41.343Z,\n    updatedAt: 2025-05-17T06:50:41.343Z\n  }\n]","time":"2025-05-17T07:54:25.605Z","v":0}
{"name":"node-crud-api","hostname":"Pihu","pid":5580,"level":30,"method":"GET","url":"/api/users/","params":{},"query":{},"msg":"游닌 Incoming API request","time":"2025-05-17T07:54:26.018Z","v":0}
{"name":"node-crud-api","hostname":"Pihu","pid":5580,"level":30,"method":"GET","url":"/api/users/","params":{},"query":{},"msg":"游닌 Incoming API request","time":"2025-05-17T07:54:26.517Z","v":0}
{"name":"node-crud-api","hostname":"Pihu","pid":5580,"level":30,"method":"POST","url":"/api/users/updateUser","params":{},"query":{},"msg":"游닌 Incoming API request","time":"2025-05-17T07:56:00.761Z","v":0}
{"name":"node-crud-api","hostname":"Pihu","pid":3952,"level":30,"method":"POST","url":"/api/users/updateUser","params":{},"query":{},"msg":"游닌 Incoming API request","time":"2025-05-17T07:58:40.185Z","v":0}
{"name":"node-crud-api","hostname":"Pihu","pid":3952,"level":30,"method":"GET","url":"/api/users/","params":{},"query":{},"msg":"游닌 Incoming API request","time":"2025-05-17T07:58:49.166Z","v":0}
{"name":"node-crud-api","hostname":"Pihu","pid":3952,"level":30,"method":"POST","url":"/api/users/login","params":{},"query":{},"msg":"游닌 Incoming API request","time":"2025-05-17T07:58:51.874Z","v":0}
{"name":"node-crud-api","hostname":"Pihu","pid":3952,"level":30,"method":"POST","url":"/api/users/updateUser","params":{},"query":{},"msg":"游닌 Incoming API request","time":"2025-05-17T07:58:57.540Z","v":0}
{"name":"node-crud-api","hostname":"Pihu","pid":21696,"level":30,"method":"POST","url":"/api/users/updateUser","params":{},"query":{},"msg":"游닌 Incoming API request","time":"2025-05-17T07:59:34.228Z","v":0}
{"name":"node-crud-api","hostname":"Pihu","pid":21696,"level":30,"method":"POST","url":"/api/users/login","params":{},"query":{},"msg":"游닌 Incoming API request","time":"2025-05-17T07:59:36.941Z","v":0}
{"name":"node-crud-api","hostname":"Pihu","pid":21696,"level":30,"method":"POST","url":"/api/users/updateUser","params":{},"query":{},"msg":"游닌 Incoming API request","time":"2025-05-17T07:59:43.689Z","v":0}
{"name":"node-crud-api","hostname":"Pihu","pid":21696,"level":30,"method":"POST","url":"/api/users/updateUser","params":{},"query":{},"msg":"游닌 Incoming API request","time":"2025-05-17T07:59:58.548Z","v":0}
{"name":"node-crud-api","hostname":"Pihu","pid":18560,"level":30,"method":"POST","url":"/api/users/updateUser","params":{},"query":{},"msg":"游닌 Incoming API request","time":"2025-05-17T08:01:30.844Z","v":0}
{"name":"node-crud-api","hostname":"Pihu","pid":18560,"level":30,"method":"POST","url":"/api/users/updateUser","params":{},"query":{},"msg":"游닌 Incoming API request","time":"2025-05-17T08:01:50.511Z","v":0}
{"name":"node-crud-api","hostname":"Pihu","pid":16984,"level":30,"method":"POST","url":"/api/users/updateUser","params":{},"query":{},"msg":"游닌 Incoming API request","time":"2025-05-17T08:07:40.125Z","v":0}
{"name":"node-crud-api","hostname":"Pihu","pid":24008,"level":30,"method":"POST","url":"/api/users/updateUser","params":{},"query":{},"msg":"游닌 Incoming API request","time":"2025-05-17T08:08:38.057Z","v":0}
{"name":"node-crud-api","hostname":"Pihu","pid":21424,"level":30,"method":"POST","url":"/api/users/updateUser","params":{},"query":{},"msg":"游닌 Incoming API request","time":"2025-05-17T08:09:18.941Z","v":0}
{"name":"node-crud-api","hostname":"Pihu","pid":4008,"level":30,"method":"POST","url":"/api/users/updateUser","params":{},"query":{},"msg":"游닌 Incoming API request","time":"2025-05-17T08:09:58.560Z","v":0}
{"name":"node-crud-api","hostname":"Pihu","pid":4008,"level":30,"method":"POST","url":"/api/users/updateUser","params":{},"query":{},"msg":"游닌 Incoming API request","time":"2025-05-17T08:10:18.541Z","v":0}
{"name":"node-crud-api","hostname":"Pihu","pid":4008,"level":30,"method":"POST","url":"/api/users/updateUser","params":{},"query":{},"msg":"游닌 Incoming API request","time":"2025-05-17T08:10:34.920Z","v":0}
{"name":"node-crud-api","hostname":"Pihu","pid":3952,"level":30,"method":"GET","url":"/api/users/","params":{},"query":{},"msg":"游닌 Incoming API request","time":"2025-05-17T09:29:49.965Z","v":0}
{"name":"node-crud-api","hostname":"Pihu","pid":3952,"level":30,"method":"POST","url":"/api/users/login","params":{},"query":{},"msg":"游닌 Incoming API request","time":"2025-05-17T09:29:52.293Z","v":0}
{"name":"node-crud-api","hostname":"Pihu","pid":3952,"level":30,"method":"POST","url":"/api/users/login","params":{},"query":{},"msg":"游닌 Incoming API request","time":"2025-05-17T09:29:55.334Z","v":0}
{"name":"node-crud-api","hostname":"Pihu","pid":3952,"level":30,"method":"POST","url":"/api/users/register","params":{},"query":{},"msg":"游닌 Incoming API request","time":"2025-05-17T09:30:11.659Z","v":0}
{"name":"node-crud-api","hostname":"Pihu","pid":14624,"level":30,"method":"POST","url":"/api/users/register","params":{},"query":{},"msg":"游닌 Incoming API request","time":"2025-05-17T09:30:42.370Z","v":0}
{"name":"node-crud-api","hostname":"Pihu","pid":14624,"level":30,"method":"POST","url":"/api/users/register","params":{},"query":{},"msg":"游닌 Incoming API request","time":"2025-05-17T09:31:06.684Z","v":0}
{"name":"node-crud-api","hostname":"Pihu","pid":14624,"level":30,"method":"POST","url":"/api/users/register","params":{},"query":{},"msg":"游닌 Incoming API request","time":"2025-05-17T09:31:08.143Z","v":0}
{"name":"node-crud-api","hostname":"Pihu","pid":14624,"level":30,"method":"POST","url":"/api/users/register","params":{},"query":{},"msg":"游닌 Incoming API request","time":"2025-05-17T09:31:08.439Z","v":0}
{"name":"node-crud-api","hostname":"Pihu","pid":14624,"level":30,"method":"POST","url":"/api/users/register","params":{},"query":{},"msg":"游닌 Incoming API request","time":"2025-05-17T09:31:08.711Z","v":0}
{"name":"node-crud-api","hostname":"Pihu","pid":24828,"level":30,"method":"POST","url":"/api/users/register","params":{},"query":{},"msg":"游닌 Incoming API request","time":"2025-05-17T09:32:10.106Z","v":0}
{"name":"node-crud-api","hostname":"Pihu","pid":24828,"level":30,"method":"POST","url":"/api/users/login","params":{},"query":{},"msg":"游닌 Incoming API request","time":"2025-05-17T09:32:23.517Z","v":0}
{"name":"node-crud-api","hostname":"Pihu","pid":24828,"level":30,"method":"GET","url":"/api/users/","params":{},"query":{},"msg":"游닌 Incoming API request","time":"2025-05-17T09:32:31.713Z","v":0}
{"name":"node-crud-api","hostname":"Pihu","pid":24584,"level":30,"method":"GET","url":"/api/users/","params":{},"query":{},"msg":"游닌 Incoming API request","time":"2025-05-17T09:33:11.272Z","v":0}
{"name":"node-crud-api","hostname":"Pihu","pid":6260,"level":30,"method":"GET","url":"/api/users/","params":{},"query":{},"msg":"游닌 Incoming API request","time":"2025-05-17T09:33:27.251Z","v":0}
{"name":"node-crud-api","hostname":"Pihu","pid":6260,"level":30,"method":"GET","url":"/api/users/?user_id=111","params":{},"query":{"user_id":"111"},"msg":"游닌 Incoming API request","time":"2025-05-17T09:33:44.924Z","v":0}
{"name":"node-crud-api","hostname":"Pihu","pid":6260,"level":30,"method":"GET","url":"/api/users/?user_id=111","params":{},"query":{"user_id":"111"},"msg":"游닌 Incoming API request","time":"2025-05-17T09:33:51.252Z","v":0}
{"name":"node-crud-api","hostname":"Pihu","pid":6260,"level":30,"method":"GET","url":"/api/users/?user_id=111","params":{},"query":{"user_id":"111"},"msg":"游닌 Incoming API request","time":"2025-05-17T09:33:54.396Z","v":0}
{"name":"node-crud-api","hostname":"Pihu","pid":6260,"level":30,"method":"GET","url":"/api/users/?user_id=111","params":{},"query":{"user_id":"111"},"msg":"游닌 Incoming API request","time":"2025-05-17T09:33:54.848Z","v":0}
{"name":"node-crud-api","hostname":"Pihu","pid":6260,"level":30,"method":"GET","url":"/api/users/?user_id=111","params":{},"query":{"user_id":"111"},"msg":"游닌 Incoming API request","time":"2025-05-17T09:33:55.289Z","v":0}
{"name":"node-crud-api","hostname":"Pihu","pid":29264,"level":30,"method":"GET","url":"/api/users/?user_id=111","params":{},"query":{"user_id":"111"},"msg":"游닌 Incoming API request","time":"2025-05-17T09:34:15.281Z","v":0}
{"name":"node-crud-api","hostname":"Pihu","pid":26944,"level":30,"method":"GET","url":"/api/users/?user_id=111","params":{},"query":{"user_id":"111"},"msg":"游닌 Incoming API request","time":"2025-05-17T09:34:30.615Z","v":0}
{"name":"node-crud-api","hostname":"Pihu","pid":24048,"level":30,"method":"GET","url":"/api/users/?user_id=111","params":{},"query":{"user_id":"111"},"msg":"游닌 Incoming API request","time":"2025-05-17T09:36:58.882Z","v":0}
{"name":"node-crud-api","hostname":"Pihu","pid":13956,"level":30,"method":"GET","url":"/api/users/?user_id=111","params":{},"query":{"user_id":"111"},"msg":"游닌 Incoming API request","time":"2025-05-17T09:37:29.989Z","v":0}
{"name":"node-crud-api","hostname":"Pihu","pid":13956,"level":30,"method":"GET","url":"/api/users/?user_id=111","params":{},"query":{"user_id":"111"},"msg":"游닌 Incoming API request","time":"2025-05-17T09:37:35.465Z","v":0}
{"name":"node-crud-api","hostname":"Pihu","pid":13956,"level":30,"method":"GET","url":"/api/users/?user_id=111","params":{},"query":{"user_id":"111"},"msg":"游닌 Incoming API request","time":"2025-05-17T09:37:36.141Z","v":0}
{"name":"node-crud-api","hostname":"Pihu","pid":13956,"level":30,"method":"GET","url":"/api/users/?user_id=111","params":{},"query":{"user_id":"111"},"msg":"游닌 Incoming API request","time":"2025-05-17T09:37:36.306Z","v":0}
{"name":"node-crud-api","hostname":"Pihu","pid":13956,"level":30,"method":"GET","url":"/api/users/?user_id=111","params":{},"query":{"user_id":"111"},"msg":"游닌 Incoming API request","time":"2025-05-17T09:37:36.435Z","v":0}
{"name":"node-crud-api","hostname":"Pihu","pid":13956,"level":30,"method":"GET","url":"/api/users/?user_id=111","params":{},"query":{"user_id":"111"},"msg":"游닌 Incoming API request","time":"2025-05-17T09:37:36.571Z","v":0}
{"name":"node-crud-api","hostname":"Pihu","pid":13956,"level":30,"method":"GET","url":"/api/users/?user_id=111","params":{},"query":{"user_id":"111"},"msg":"游닌 Incoming API request","time":"2025-05-17T09:37:36.701Z","v":0}
{"name":"node-crud-api","hostname":"Pihu","pid":13956,"level":30,"method":"GET","url":"/api/users/?user_id=111","params":{},"query":{"user_id":"111"},"msg":"游닌 Incoming API request","time":"2025-05-17T09:37:36.836Z","v":0}
{"name":"node-crud-api","hostname":"Pihu","pid":13956,"level":30,"method":"GET","url":"/api/users/?user_id=111","params":{},"query":{"user_id":"111"},"msg":"游닌 Incoming API request","time":"2025-05-17T09:37:36.968Z","v":0}
{"name":"node-crud-api","hostname":"Pihu","pid":13956,"level":30,"method":"GET","url":"/api/users/?user_id=111","params":{},"query":{"user_id":"111"},"msg":"游닌 Incoming API request","time":"2025-05-17T09:37:42.033Z","v":0}
{"name":"node-crud-api","hostname":"Pihu","pid":13956,"level":30,"method":"GET","url":"/api/users/?user_id=111","params":{},"query":{"user_id":"111"},"msg":"游닌 Incoming API request","time":"2025-05-17T09:38:31.649Z","v":0}
{"name":"node-crud-api","hostname":"Pihu","pid":13956,"level":30,"method":"POST","url":"/api/users/login","params":{},"query":{},"msg":"游닌 Incoming API request","time":"2025-05-17T09:38:59.206Z","v":0}
{"name":"node-crud-api","hostname":"Pihu","pid":13956,"level":30,"method":"POST","url":"/api/users/login","params":{},"query":{},"msg":"游닌 Incoming API request","time":"2025-05-17T09:39:03.069Z","v":0}
{"name":"node-crud-api","hostname":"Pihu","pid":13956,"level":30,"method":"GET","url":"/api/users/?user_id=111","params":{},"query":{"user_id":"111"},"msg":"游닌 Incoming API request","time":"2025-05-17T09:39:05.603Z","v":0}
{"name":"node-crud-api","hostname":"Pihu","pid":13956,"level":30,"method":"GET","url":"/api/users/?user_id=111","params":{},"query":{"user_id":"111"},"msg":"游닌 Incoming API request","time":"2025-05-17T09:39:16.833Z","v":0}
{"name":"node-crud-api","hostname":"Pihu","pid":23676,"level":30,"method":"GET","url":"/api/users/?user_id=111","params":{},"query":{"user_id":"111"},"msg":"游닌 Incoming API request","time":"2025-05-17T09:41:48.945Z","v":0}
{"name":"node-crud-api","hostname":"Pihu","pid":2128,"level":30,"method":"GET","url":"/api/users/","params":{},"query":{},"msg":"游닌 Incoming API request","time":"2025-05-17T09:58:50.092Z","v":0}
{"name":"node-crud-api","hostname":"Pihu","pid":2128,"level":30,"method":"GET","url":"/api/users/?user_id=111","params":{},"query":{"user_id":"111"},"msg":"游닌 Incoming API request","time":"2025-05-17T09:58:50.128Z","v":0}
{"name":"node-crud-api","hostname":"Pihu","pid":2128,"level":30,"method":"GET","url":"/api/users/","params":{},"query":{},"msg":"游닌 Incoming API request","time":"2025-05-17T09:58:50.140Z","v":0}
{"name":"node-crud-api","hostname":"Pihu","pid":18560,"level":30,"method":"GET","url":"/api/users/","params":{},"query":{},"msg":"游닌 Incoming API request","time":"2025-05-17T10:00:13.534Z","v":0}
{"name":"node-crud-api","hostname":"Pihu","pid":18560,"level":30,"method":"GET","url":"/api/users/?user_id=111","params":{},"query":{"user_id":"111"},"msg":"游닌 Incoming API request","time":"2025-05-17T10:00:13.567Z","v":0}
{"name":"node-crud-api","hostname":"Pihu","pid":18560,"level":30,"method":"GET","url":"/api/users/","params":{},"query":{},"msg":"游닌 Incoming API request","time":"2025-05-17T10:00:13.585Z","v":0}
{"name":"node-crud-api","hostname":"Pihu","pid":29532,"level":30,"method":"GET","url":"/api/users/?user_id=111","params":{},"query":{"user_id":"111"},"msg":"游닌 Incoming API request","time":"2025-05-17T10:02:42.502Z","v":0}
{"name":"node-crud-api","hostname":"Pihu","pid":29532,"level":30,"method":"POST","url":"/api/users/login","params":{},"query":{},"msg":"游닌 Incoming API request","time":"2025-05-17T10:02:49.898Z","v":0}
{"name":"node-crud-api","hostname":"Pihu","pid":29532,"level":30,"method":"POST","url":"/api/users/register","params":{},"query":{},"msg":"游닌 Incoming API request","time":"2025-05-17T10:04:26.088Z","v":0}
{"name":"node-crud-api","hostname":"Pihu","pid":29532,"level":30,"method":"POST","url":"/api/users/register","params":{},"query":{},"msg":"游닌 Incoming API request","time":"2025-05-17T10:04:35.908Z","v":0}
{"name":"node-crud-api","hostname":"Pihu","pid":29532,"level":30,"method":"POST","url":"/api/users/register","params":{},"query":{},"msg":"游닌 Incoming API request","time":"2025-05-17T10:04:45.502Z","v":0}
{"name":"node-crud-api","hostname":"Pihu","pid":29532,"level":30,"method":"POST","url":"/api/users/register","params":{},"query":{},"msg":"游닌 Incoming API request","time":"2025-05-17T10:04:52.930Z","v":0}
{"name":"node-crud-api","hostname":"Pihu","pid":29532,"level":30,"method":"POST","url":"/api/users/register","params":{},"query":{},"msg":"游닌 Incoming API request","time":"2025-05-17T10:04:56.878Z","v":0}
{"name":"node-crud-api","hostname":"Pihu","pid":29532,"level":30,"method":"GET","url":"/api/users/?user_id=111","params":{},"query":{"user_id":"111"},"msg":"游닌 Incoming API request","time":"2025-05-17T10:05:06.208Z","v":0}
{"name":"node-crud-api","hostname":"Pihu","pid":29532,"level":30,"method":"GET","url":"/api/users/?user_id=112","params":{},"query":{"user_id":"112"},"msg":"游닌 Incoming API request","time":"2025-05-17T10:05:10.435Z","v":0}
{"name":"node-crud-api","hostname":"Pihu","pid":29532,"level":30,"method":"GET","url":"/api/users/?user_id=113","params":{},"query":{"user_id":"113"},"msg":"游닌 Incoming API request","time":"2025-05-17T10:05:12.522Z","v":0}
{"name":"node-crud-api","hostname":"Pihu","pid":29532,"level":30,"method":"GET","url":"/api/users/?user_id=114","params":{},"query":{"user_id":"114"},"msg":"游닌 Incoming API request","time":"2025-05-17T10:05:14.036Z","v":0}
{"name":"node-crud-api","hostname":"Pihu","pid":29532,"level":30,"method":"GET","url":"/api/users/?user_id=115","params":{},"query":{"user_id":"115"},"msg":"游닌 Incoming API request","time":"2025-05-17T10:05:15.402Z","v":0}
{"name":"node-crud-api","hostname":"Pihu","pid":29532,"level":30,"method":"GET","url":"/api/users/?user_id=116","params":{},"query":{"user_id":"116"},"msg":"游닌 Incoming API request","time":"2025-05-17T10:05:16.559Z","v":0}
{"name":"node-crud-api","hostname":"Pihu","pid":29532,"level":30,"method":"GET","url":"/api/users/?user_id=115","params":{},"query":{"user_id":"115"},"msg":"游닌 Incoming API request","time":"2025-05-17T10:05:20.055Z","v":0}
{"name":"node-crud-api","hostname":"Pihu","pid":29532,"level":30,"method":"GET","url":"/api/users/?user_id=111","params":{},"query":{"user_id":"111"},"msg":"游닌 Incoming API request","time":"2025-05-17T10:05:37.076Z","v":0}
{"name":"node-crud-api","hostname":"Pihu","pid":29532,"level":30,"method":"GET","url":"/api/users/?user_id=111","params":{},"query":{"user_id":"111"},"msg":"游닌 Incoming API request","time":"2025-05-17T10:05:42.808Z","v":0}
{"name":"node-crud-api","hostname":"Pihu","pid":29532,"level":30,"method":"GET","url":"/api/users/?user_id=111","params":{},"query":{"user_id":"111"},"msg":"游닌 Incoming API request","time":"2025-05-17T10:05:42.944Z","v":0}
{"name":"node-crud-api","hostname":"Pihu","pid":29532,"level":30,"method":"GET","url":"/api/users/?user_id=111","params":{},"query":{"user_id":"111"},"msg":"游닌 Incoming API request","time":"2025-05-17T10:05:43.070Z","v":0}
{"name":"node-crud-api","hostname":"Pihu","pid":29532,"level":30,"method":"GET","url":"/api/users/?user_id=111","params":{},"query":{"user_id":"111"},"msg":"游닌 Incoming API request","time":"2025-05-17T10:05:43.217Z","v":0}
{"name":"node-crud-api","hostname":"Pihu","pid":29532,"level":30,"method":"GET","url":"/api/users/?user_id=112","params":{},"query":{"user_id":"112"},"msg":"游닌 Incoming API request","time":"2025-05-17T10:05:48.155Z","v":0}
{"name":"node-crud-api","hostname":"Pihu","pid":29532,"level":30,"method":"GET","url":"/api/users/?user_id=113","params":{},"query":{"user_id":"113"},"msg":"游닌 Incoming API request","time":"2025-05-17T10:05:52.942Z","v":0}
{"name":"node-crud-api","hostname":"Pihu","pid":28080,"level":30,"method":"GET","url":"/api/users/","params":{},"query":{},"msg":"游닌 Incoming API request","time":"2025-05-17T10:12:02.794Z","v":0}
{"name":"node-crud-api","hostname":"Pihu","pid":28080,"level":30,"method":"GET","url":"/api/users/?user_id=111","params":{},"query":{"user_id":"111"},"msg":"游닌 Incoming API request","time":"2025-05-17T10:12:02.827Z","v":0}
{"name":"node-crud-api","hostname":"Pihu","pid":28080,"level":30,"method":"GET","url":"/api/users/","params":{},"query":{},"msg":"游닌 Incoming API request","time":"2025-05-17T10:12:02.842Z","v":0}
{"name":"node-crud-api","hostname":"Pihu","pid":30264,"level":30,"method":"GET","url":"/api/users/?user_id=113","params":{},"query":{"user_id":"113"},"msg":"游닌 Incoming API request","time":"2025-05-17T10:13:31.130Z","v":0}
{"name":"node-crud-api","hostname":"Pihu","pid":30264,"level":30,"method":"GET","url":"/api/users/?user_id=113","params":{},"query":{"user_id":"113"},"msg":"游닌 Incoming API request","time":"2025-05-17T10:13:33.498Z","v":0}
{"name":"node-crud-api","hostname":"Pihu","pid":30264,"level":30,"method":"GET","url":"/api/users/?user_id=113","params":{},"query":{"user_id":"113"},"msg":"游닌 Incoming API request","time":"2025-05-17T10:13:36.190Z","v":0}
{"name":"node-crud-api","hostname":"Pihu","pid":30264,"level":30,"method":"GET","url":"/api/users/?user_id=113","params":{},"query":{"user_id":"113"},"msg":"游닌 Incoming API request","time":"2025-05-17T10:13:39.155Z","v":0}
{"name":"node-crud-api","hostname":"Pihu","pid":20916,"level":30,"method":"GET","url":"/api/users/","params":{},"query":{},"msg":"游닌 Incoming API request","time":"2025-05-17T10:15:25.253Z","v":0}
{"name":"node-crud-api","hostname":"Pihu","pid":20916,"level":30,"method":"GET","url":"/api/users/?user_id=111","params":{},"query":{"user_id":"111"},"msg":"游닌 Incoming API request","time":"2025-05-17T10:15:25.284Z","v":0}
{"name":"node-crud-api","hostname":"Pihu","pid":20916,"level":30,"method":"GET","url":"/api/users/","params":{},"query":{},"msg":"游닌 Incoming API request","time":"2025-05-17T10:15:25.297Z","v":0}
{"name":"node-crud-api","hostname":"Pihu","pid":29236,"level":30,"method":"GET","url":"/api/users/aa","params":{},"query":{},"msg":"游닌 Incoming API request","time":"2025-05-17T10:16:16.403Z","v":0}
{"name":"node-crud-api","hostname":"Pihu","pid":29236,"level":30,"method":"GET","url":"/api/users/?user_id=111","params":{},"query":{"user_id":"111"},"msg":"游닌 Incoming API request","time":"2025-05-17T10:16:16.434Z","v":0}
{"name":"node-crud-api","hostname":"Pihu","pid":29236,"level":30,"method":"GET","url":"/api/users/","params":{},"query":{},"msg":"游닌 Incoming API request","time":"2025-05-17T10:16:16.451Z","v":0}
{"name":"node-crud-api","hostname":"Pihu","pid":27688,"level":30,"method":"GET","url":"/api/users/","params":{},"query":{},"msg":"游닌 Incoming API request","time":"2025-05-17T10:19:20.561Z","v":0}
{"name":"node-crud-api","hostname":"Pihu","pid":27688,"level":30,"method":"GET","url":"/api/users/?user_id=111","params":{},"query":{"user_id":"111"},"msg":"游닌 Incoming API request","time":"2025-05-17T10:19:20.603Z","v":0}
{"name":"node-crud-api","hostname":"Pihu","pid":27688,"level":30,"method":"GET","url":"/api/users/","params":{},"query":{},"msg":"游닌 Incoming API request","time":"2025-05-17T10:19:20.616Z","v":0}
{"name":"node-crud-api","hostname":"Pihu","pid":29492,"level":30,"method":"GET","url":"/api/users/","params":{},"query":{},"msg":"游닌 Incoming API request","time":"2025-05-17T10:20:56.075Z","v":0}
{"name":"node-crud-api","hostname":"Pihu","pid":29492,"level":30,"method":"GET","url":"/api/users/?user_id=111","params":{},"query":{"user_id":"111"},"msg":"游닌 Incoming API request","time":"2025-05-17T10:20:56.105Z","v":0}
{"name":"node-crud-api","hostname":"Pihu","pid":29492,"level":30,"method":"GET","url":"/api/users/","params":{},"query":{},"msg":"游닌 Incoming API request","time":"2025-05-17T10:20:56.117Z","v":0}
{"name":"node-crud-api","hostname":"Pihu","pid":29036,"level":30,"method":"GET","url":"/api/users/","params":{},"query":{},"msg":"游닌 Incoming API request","time":"2025-05-17T10:21:45.307Z","v":0}
{"name":"node-crud-api","hostname":"Pihu","pid":29036,"level":30,"method":"GET","url":"/api/users/?user_id=111","params":{},"query":{"user_id":"111"},"msg":"游닌 Incoming API request","time":"2025-05-17T10:21:45.342Z","v":0}
{"name":"node-crud-api","hostname":"Pihu","pid":29036,"level":30,"method":"GET","url":"/api/users/","params":{},"query":{},"msg":"游닌 Incoming API request","time":"2025-05-17T10:21:45.355Z","v":0}
{"name":"node-crud-api","hostname":"Pihu","pid":27176,"level":30,"method":"GET","url":"/api/users/","params":{},"query":{},"msg":"游닌 Incoming API request","time":"2025-05-17T10:22:37.492Z","v":0}
{"name":"node-crud-api","hostname":"Pihu","pid":27176,"level":30,"method":"GET","url":"/api/users/?user_id=111","params":{},"query":{"user_id":"111"},"msg":"游닌 Incoming API request","time":"2025-05-17T10:22:39.482Z","v":0}
{"name":"node-crud-api","hostname":"Pihu","pid":27176,"level":30,"method":"GET","url":"/api/users/","params":{},"query":{},"msg":"游닌 Incoming API request","time":"2025-05-17T10:22:39.530Z","v":0}
{"name":"node-crud-api","hostname":"Pihu","pid":23252,"level":30,"method":"GET","url":"/api/users/","params":{},"query":{},"msg":"游닌 Incoming API request","time":"2025-05-17T10:24:25.849Z","v":0}
{"name":"node-crud-api","hostname":"Pihu","pid":1188,"level":30,"method":"GET","url":"/api/users/","params":{},"query":{},"msg":"游닌 Incoming API request","time":"2025-05-17T10:25:46.733Z","v":0}
{"name":"node-crud-api","hostname":"Pihu","pid":1188,"level":30,"method":"GET","url":"/api/users/?user_id=111","params":{},"query":{"user_id":"111"},"msg":"游닌 Incoming API request","time":"2025-05-17T10:25:48.726Z","v":0}
{"name":"node-crud-api","hostname":"Pihu","pid":1188,"level":30,"method":"GET","url":"/api/users/","params":{},"query":{},"msg":"游닌 Incoming API request","time":"2025-05-17T10:25:48.803Z","v":0}
{"name":"node-crud-api","hostname":"Pihu","pid":13816,"level":30,"method":"GET","url":"/api/users/","params":{},"query":{},"msg":"游닌 Incoming API request","time":"2025-05-17T10:26:13.797Z","v":0}
{"name":"node-crud-api","hostname":"Pihu","pid":13816,"level":30,"method":"GET","url":"/api/users/?user_id=111","params":{},"query":{"user_id":"111"},"msg":"游닌 Incoming API request","time":"2025-05-17T10:26:15.805Z","v":0}
{"name":"node-crud-api","hostname":"Pihu","pid":13816,"level":30,"method":"GET","url":"/api/users/","params":{},"query":{},"msg":"游닌 Incoming API request","time":"2025-05-17T10:26:15.854Z","v":0}
{"name":"node-crud-api","hostname":"Pihu","pid":29844,"level":30,"method":"GET","url":"/api/users/","params":{},"query":{},"msg":"游닌 Incoming API request","time":"2025-05-17T10:30:41.360Z","v":0}
{"name":"node-crud-api","hostname":"Pihu","pid":29844,"level":30,"method":"GET","url":"/api/users/?user_id=111","params":{},"query":{"user_id":"111"},"msg":"游닌 Incoming API request","time":"2025-05-17T10:30:46.370Z","v":0}
{"name":"node-crud-api","hostname":"Pihu","pid":29844,"level":30,"method":"GET","url":"/api/users/","params":{},"query":{},"msg":"游닌 Incoming API request","time":"2025-05-17T10:30:46.389Z","v":0}
{"name":"node-crud-api","hostname":"Pihu","pid":29348,"level":30,"method":"GET","url":"/api/users/","params":{},"query":{},"msg":"游닌 Incoming API request","time":"2025-05-17T10:32:22.133Z","v":0}
{"name":"node-crud-api","hostname":"Pihu","pid":29348,"level":30,"method":"GET","url":"/api/users/?user_id=111","params":{},"query":{"user_id":"111"},"msg":"游닌 Incoming API request","time":"2025-05-17T10:32:27.141Z","v":0}
{"name":"node-crud-api","hostname":"Pihu","pid":29348,"level":30,"method":"GET","url":"/api/users/","params":{},"query":{},"msg":"游닌 Incoming API request","time":"2025-05-17T10:32:27.160Z","v":0}
{"name":"node-crud-api","hostname":"Pihu","pid":25364,"level":30,"method":"GET","url":"/api/users/","params":{},"query":{},"msg":"游닌 Incoming API request","time":"2025-05-17T10:37:26.141Z","v":0}
{"name":"node-crud-api","hostname":"Pihu","pid":25364,"level":30,"method":"GET","url":"/api/users/?user_id=111","params":{},"query":{"user_id":"111"},"msg":"游닌 Incoming API request","time":"2025-05-17T10:37:31.139Z","v":0}
{"name":"node-crud-api","hostname":"Pihu","pid":25364,"level":30,"method":"GET","url":"/api/users/","params":{},"query":{},"msg":"游닌 Incoming API request","time":"2025-05-17T10:37:31.157Z","v":0}
{"name":"node-crud-api","hostname":"Pihu","pid":23960,"level":30,"method":"GET","url":"/api/users/","params":{},"query":{},"msg":"游닌 Incoming API request","time":"2025-05-17T10:37:57.678Z","v":0}
{"name":"node-crud-api","hostname":"Pihu","pid":23960,"level":30,"method":"GET","url":"/api/users/?user_id=111","params":{},"query":{"user_id":"111"},"msg":"游닌 Incoming API request","time":"2025-05-17T10:37:59.685Z","v":0}
{"name":"node-crud-api","hostname":"Pihu","pid":23960,"level":30,"method":"GET","url":"/api/users/","params":{},"query":{},"msg":"游닌 Incoming API request","time":"2025-05-17T10:37:59.703Z","v":0}
{"name":"node-crud-api","hostname":"Pihu","pid":18712,"level":30,"method":"GET","url":"/api/users/","params":{},"query":{},"msg":"游닌 Incoming API request","time":"2025-05-17T10:42:15.144Z","v":0}
{"name":"node-crud-api","hostname":"Pihu","pid":18712,"level":30,"method":"GET","url":"/api/users/?user_id=111","params":{},"query":{"user_id":"111"},"msg":"游닌 Incoming API request","time":"2025-05-17T10:42:15.185Z","v":0}
{"name":"node-crud-api","hostname":"Pihu","pid":18712,"level":30,"method":"GET","url":"/api/users/","params":{},"query":{},"msg":"游닌 Incoming API request","time":"2025-05-17T10:42:15.198Z","v":0}
{"name":"node-crud-api","hostname":"Pihu","pid":368,"level":30,"method":"GET","url":"/api/users/?user_id=113","params":{},"query":{"user_id":"113"},"msg":"游닌 Incoming API request","time":"2025-05-17T10:42:41.365Z","v":0}
{"name":"node-crud-api","hostname":"Pihu","pid":22984,"level":30,"method":"GET","url":"/api/users/","params":{},"query":{},"msg":"游닌 Incoming API request","time":"2025-05-17T10:44:30.755Z","v":0}
{"name":"node-crud-api","hostname":"Pihu","pid":22984,"level":30,"method":"GET","url":"/api/users/?user_id=111","params":{},"query":{"user_id":"111"},"msg":"游닌 Incoming API request","time":"2025-05-17T10:44:30.796Z","v":0}
{"name":"node-crud-api","hostname":"Pihu","pid":22984,"level":30,"method":"GET","url":"/api/users/","params":{},"query":{},"msg":"游닌 Incoming API request","time":"2025-05-17T10:44:30.809Z","v":0}
{"name":"node-crud-api","hostname":"Pihu","pid":27456,"level":30,"method":"GET","url":"/api/users/?user_id=113","params":{},"query":{"user_id":"113"},"msg":"游닌 Incoming API request","time":"2025-05-17T10:44:48.635Z","v":0}
{"name":"node-crud-api","hostname":"Pihu","pid":5872,"level":30,"method":"GET","url":"/api/users/","params":{},"query":{},"msg":"游닌 Incoming API request","time":"2025-05-17T10:45:07.473Z","v":0}
{"name":"node-crud-api","hostname":"Pihu","pid":5872,"level":30,"method":"GET","url":"/api/users/?user_id=111","params":{},"query":{"user_id":"111"},"msg":"游닌 Incoming API request","time":"2025-05-17T10:45:07.517Z","v":0}
{"name":"node-crud-api","hostname":"Pihu","pid":5872,"level":30,"method":"GET","url":"/api/users/","params":{},"query":{},"msg":"游닌 Incoming API request","time":"2025-05-17T10:45:07.531Z","v":0}
{"name":"node-crud-api","hostname":"Pihu","pid":20916,"level":30,"method":"GET","url":"/api/users/","params":{},"query":{},"msg":"游닌 Incoming API request","time":"2025-05-17T10:46:51.294Z","v":0}
{"name":"node-crud-api","hostname":"Pihu","pid":20916,"level":30,"method":"GET","url":"/api/users/?user_id=111","params":{},"query":{"user_id":"111"},"msg":"游닌 Incoming API request","time":"2025-05-17T10:46:51.332Z","v":0}
{"name":"node-crud-api","hostname":"Pihu","pid":20916,"level":30,"method":"GET","url":"/api/users/","params":{},"query":{},"msg":"游닌 Incoming API request","time":"2025-05-17T10:46:51.346Z","v":0}
{"name":"node-crud-api","hostname":"Pihu","pid":9768,"level":30,"method":"GET","url":"/api/users/","params":{},"query":{},"msg":"游닌 Incoming API request","time":"2025-05-17T10:47:41.912Z","v":0}
{"name":"node-crud-api","hostname":"Pihu","pid":9768,"level":30,"method":"GET","url":"/api/users/?user_id=111","params":{},"query":{"user_id":"111"},"msg":"游닌 Incoming API request","time":"2025-05-17T10:47:41.951Z","v":0}
{"name":"node-crud-api","hostname":"Pihu","pid":9768,"level":30,"method":"GET","url":"/api/users/","params":{},"query":{},"msg":"游닌 Incoming API request","time":"2025-05-17T10:47:41.964Z","v":0}
{"name":"node-crud-api","hostname":"Pihu","pid":29352,"level":30,"method":"GET","url":"/api/users/","params":{},"query":{},"msg":"游닌 Incoming API request","time":"2025-05-17T10:48:19.792Z","v":0}
{"name":"node-crud-api","hostname":"Pihu","pid":29352,"level":30,"method":"GET","url":"/api/users/?user_id=111","params":{},"query":{"user_id":"111"},"msg":"游닌 Incoming API request","time":"2025-05-17T10:48:19.835Z","v":0}
{"name":"node-crud-api","hostname":"Pihu","pid":29352,"level":30,"method":"GET","url":"/api/users/","params":{},"query":{},"msg":"游닌 Incoming API request","time":"2025-05-17T10:48:19.848Z","v":0}
{"name":"node-crud-api","hostname":"Pihu","pid":22856,"level":30,"method":"GET","url":"/api/users/","params":{},"query":{},"msg":"游닌 Incoming API request","time":"2025-05-17T10:48:49.988Z","v":0}
{"name":"node-crud-api","hostname":"Pihu","pid":22856,"level":30,"method":"GET","url":"/api/users/?user_id=111","params":{},"query":{"user_id":"111"},"msg":"游닌 Incoming API request","time":"2025-05-17T10:48:50.031Z","v":0}
{"name":"node-crud-api","hostname":"Pihu","pid":22856,"level":30,"method":"GET","url":"/api/users/","params":{},"query":{},"msg":"游닌 Incoming API request","time":"2025-05-17T10:48:50.044Z","v":0}
{"name":"node-crud-api","hostname":"Pihu","pid":21516,"level":30,"method":"GET","url":"/api/users/","params":{},"query":{},"msg":"游닌 Incoming API request","time":"2025-05-17T10:49:49.137Z","v":0}
{"name":"node-crud-api","hostname":"Pihu","pid":21516,"level":30,"method":"GET","url":"/api/users/?user_id=111","params":{},"query":{"user_id":"111"},"msg":"游닌 Incoming API request","time":"2025-05-17T10:49:49.174Z","v":0}
{"name":"node-crud-api","hostname":"Pihu","pid":21516,"level":30,"method":"GET","url":"/api/users/","params":{},"query":{},"msg":"游닌 Incoming API request","time":"2025-05-17T10:49:49.186Z","v":0}
{"name":"node-crud-api","hostname":"Pihu","pid":25092,"level":30,"method":"GET","url":"/api/users/","params":{},"query":{},"msg":"游닌 Incoming API request","time":"2025-05-17T10:52:07.222Z","v":0}
{"name":"node-crud-api","hostname":"Pihu","pid":25092,"level":30,"method":"GET","url":"/api/users/?user_id=111","params":{},"query":{"user_id":"111"},"msg":"游닌 Incoming API request","time":"2025-05-17T10:52:07.260Z","v":0}
{"name":"node-crud-api","hostname":"Pihu","pid":25092,"level":30,"method":"GET","url":"/api/users/","params":{},"query":{},"msg":"游닌 Incoming API request","time":"2025-05-17T10:52:07.273Z","v":0}
{"name":"node-crud-api","hostname":"Pihu","pid":23500,"level":30,"method":"GET","url":"/api/users/","params":{},"query":{},"msg":"游닌 Incoming API request","time":"2025-05-17T10:52:51.187Z","v":0}
{"name":"node-crud-api","hostname":"Pihu","pid":23500,"level":30,"method":"GET","url":"/api/users/?user_id=111","params":{},"query":{"user_id":"111"},"msg":"游닌 Incoming API request","time":"2025-05-17T10:52:51.224Z","v":0}
{"name":"node-crud-api","hostname":"Pihu","pid":23500,"level":30,"method":"GET","url":"/api/users/","params":{},"query":{},"msg":"游닌 Incoming API request","time":"2025-05-17T10:52:51.236Z","v":0}
{"name":"node-crud-api","hostname":"Pihu","pid":24856,"level":30,"method":"GET","url":"/api/users/","params":{},"query":{},"msg":"游닌 Incoming API request","time":"2025-05-19T06:45:52.353Z","v":0}
{"name":"node-crud-api","hostname":"Pihu","pid":24856,"level":30,"method":"GET","url":"/api/users/?user_id=111","params":{},"query":{"user_id":"111"},"msg":"游닌 Incoming API request","time":"2025-05-19T06:45:52.405Z","v":0}
{"name":"node-crud-api","hostname":"Pihu","pid":24856,"level":30,"method":"GET","url":"/api/users/","params":{},"query":{},"msg":"游닌 Incoming API request","time":"2025-05-19T06:45:52.419Z","v":0}
{"name":"node-crud-api","hostname":"b91313681fba","pid":32,"level":30,"method":"POST","url":"/api/users/login","params":{},"query":{},"msg":"游닌 Incoming API request","time":"2025-05-19T07:17:19.461Z","v":0}
{"name":"node-crud-api","hostname":"b91313681fba","pid":32,"level":30,"method":"GET","url":"/api/users/?user_id=113","params":{},"query":{"user_id":"113"},"msg":"游닌 Incoming API request","time":"2025-05-19T07:17:26.181Z","v":0}
{"name":"node-crud-api","hostname":"b91313681fba","pid":32,"level":30,"method":"POST","url":"/api/users/login","params":{},"query":{},"msg":"游닌 Incoming API request","time":"2025-05-19T07:17:40.540Z","v":0}
{"name":"node-crud-api","hostname":"b91313681fba","pid":32,"level":30,"method":"POST","url":"/api/users/login","params":{},"query":{},"msg":"游닌 Incoming API request","time":"2025-05-19T07:17:44.248Z","v":0}
{"name":"node-crud-api","hostname":"b91313681fba","pid":32,"level":30,"method":"POST","url":"/api/users/login","params":{},"query":{},"msg":"游닌 Incoming API request","time":"2025-05-19T07:18:04.146Z","v":0}
{"name":"node-crud-api","hostname":"b91313681fba","pid":32,"level":30,"method":"POST","url":"/api/users/updateUser","params":{},"query":{},"msg":"游닌 Incoming API request","time":"2025-05-19T07:18:09.078Z","v":0}
{"name":"node-crud-api","hostname":"b91313681fba","pid":32,"level":30,"method":"POST","url":"/api/users/register","params":{},"query":{},"msg":"游닌 Incoming API request","time":"2025-05-19T07:18:28.655Z","v":0}
{"name":"node-crud-api","hostname":"b91313681fba","pid":32,"level":30,"method":"POST","url":"/api/users/login","params":{},"query":{},"msg":"游닌 Incoming API request","time":"2025-05-19T07:18:50.396Z","v":0}
{"name":"node-crud-api","hostname":"b91313681fba","pid":32,"level":30,"method":"GET","url":"/api/users/?user_id=113","params":{},"query":{"user_id":"113"},"msg":"游닌 Incoming API request","time":"2025-05-19T07:19:02.535Z","v":0}
{"name":"node-crud-api","hostname":"b91313681fba","pid":32,"level":30,"method":"GET","url":"/api/users/?user_id=112","params":{},"query":{"user_id":"112"},"msg":"游닌 Incoming API request","time":"2025-05-19T07:19:07.778Z","v":0}
{"name":"node-crud-api","hostname":"b91313681fba","pid":32,"level":30,"method":"GET","url":"/api/users/?user_id=111","params":{},"query":{"user_id":"111"},"msg":"游닌 Incoming API request","time":"2025-05-19T07:19:10.792Z","v":0}
{"name":"node-crud-api","hostname":"b91313681fba","pid":32,"level":30,"method":"GET","url":"/api/users/?user_id=116","params":{},"query":{"user_id":"116"},"msg":"游닌 Incoming API request","time":"2025-05-19T07:19:14.780Z","v":0}
{"name":"node-crud-api","hostname":"b91313681fba","pid":32,"level":30,"method":"GET","url":"/api/users/?user_id=116","params":{},"query":{"user_id":"116"},"msg":"游닌 Incoming API request","time":"2025-05-19T07:35:34.329Z","v":0}
{"name":"node-crud-api","hostname":"b91313681fba","pid":32,"level":30,"method":"GET","url":"/api/users/?user_id=116","params":{},"query":{"user_id":"116"},"msg":"游닌 Incoming API request","time":"2025-05-19T07:35:35.242Z","v":0}
{"name":"node-crud-api","hostname":"b91313681fba","pid":32,"level":30,"method":"GET","url":"/api/users/?user_id=116","params":{},"query":{"user_id":"116"},"msg":"游닌 Incoming API request","time":"2025-05-19T07:35:35.830Z","v":0}
{"name":"node-crud-api","hostname":"b91313681fba","pid":32,"level":30,"method":"POST","url":"/api/users/login","params":{},"query":{},"msg":"游닌 Incoming API request","time":"2025-05-19T07:35:38.988Z","v":0}
{"name":"node-crud-api","hostname":"b91313681fba","pid":32,"level":30,"method":"GET","url":"/api/users/?user_id=116","params":{},"query":{"user_id":"116"},"msg":"游닌 Incoming API request","time":"2025-05-19T07:35:40.974Z","v":0}
{"name":"node-crud-api","hostname":"b91313681fba","pid":32,"level":30,"method":"GET","url":"/api/users/?user_id=116","params":{},"query":{"user_id":"116"},"msg":"游닌 Incoming API request","time":"2025-05-19T07:36:01.658Z","v":0}
{"name":"node-crud-api","hostname":"b91313681fba","pid":32,"level":30,"method":"GET","url":"/api/users/?user_id=116","params":{},"query":{"user_id":"116"},"msg":"游닌 Incoming API request","time":"2025-05-19T07:36:05.669Z","v":0}
{"name":"node-crud-api","hostname":"b91313681fba","pid":32,"level":30,"method":"GET","url":"/api/users/?user_id=116","params":{},"query":{"user_id":"116"},"msg":"游닌 Incoming API request","time":"2025-05-19T07:38:11.676Z","v":0}
{"name":"node-crud-api","hostname":"b91313681fba","pid":32,"level":30,"method":"POST","url":"/api/users/register","params":{},"query":{},"msg":"游닌 Incoming API request","time":"2025-05-19T07:38:14.507Z","v":0}
{"name":"node-crud-api","hostname":"a80c87a2f603","pid":32,"level":30,"method":"GET","url":"/api/users/?user_id=116","params":{},"query":{"user_id":"116"},"msg":"游닌 Incoming API request","time":"2025-05-19T07:59:58.650Z","v":0}
{"name":"node-crud-api","hostname":"a80c87a2f603","pid":32,"level":30,"method":"GET","url":"/api/users/?user_id=111","params":{},"query":{"user_id":"111"},"msg":"游닌 Incoming API request","time":"2025-05-19T08:00:02.058Z","v":0}
{"name":"node-crud-api","hostname":"a80c87a2f603","pid":32,"level":30,"method":"GET","url":"/api/users/?user_id=116","params":{},"query":{"user_id":"116"},"msg":"游닌 Incoming API request","time":"2025-05-19T08:00:05.537Z","v":0}
{"name":"node-crud-api","hostname":"a80c87a2f603","pid":32,"level":30,"method":"POST","url":"/api/users/login","params":{},"query":{},"msg":"游닌 Incoming API request","time":"2025-05-19T08:00:10.711Z","v":0}
{"name":"node-crud-api","hostname":"a80c87a2f603","pid":32,"level":30,"method":"GET","url":"/api/users/?user_id=116","params":{},"query":{"user_id":"116"},"msg":"游닌 Incoming API request","time":"2025-05-19T08:00:12.509Z","v":0}
{"name":"node-crud-api","hostname":"a80c87a2f603","pid":32,"level":30,"method":"POST","url":"/api/users/updateUser","params":{},"query":{},"msg":"游닌 Incoming API request","time":"2025-05-19T08:00:14.881Z","v":0}
{"name":"node-crud-api","hostname":"a80c87a2f603","pid":32,"level":30,"method":"POST","url":"/api/users/updateUser","params":{},"query":{},"msg":"游닌 Incoming API request","time":"2025-05-19T08:00:28.573Z","v":0}
{"name":"node-crud-api","hostname":"a80c87a2f603","pid":32,"level":30,"method":"POST","url":"/api/users/updateUser","params":{},"query":{},"msg":"游닌 Incoming API request","time":"2025-05-19T08:00:40.372Z","v":0}
{"name":"node-crud-api","hostname":"a80c87a2f603","pid":32,"level":30,"method":"POST","url":"/api/users/updateUser","params":{},"query":{},"msg":"游닌 Incoming API request","time":"2025-05-19T08:00:58.038Z","v":0}
{"name":"node-crud-api","hostname":"a80c87a2f603","pid":32,"level":30,"method":"GET","url":"/api/users/?user_id=116","params":{},"query":{"user_id":"116"},"msg":"游닌 Incoming API request","time":"2025-05-19T08:01:01.758Z","v":0}
{"name":"node-crud-api","hostname":"a80c87a2f603","pid":32,"level":30,"method":"POST","url":"/api/users/register","params":{},"query":{},"msg":"游닌 Incoming API request","time":"2025-05-19T08:04:45.109Z","v":0}
{"name":"node-crud-api","hostname":"a80c87a2f603","pid":32,"level":30,"method":"GET","url":"/api/users/?user_id=111","params":{},"query":{"user_id":"111"},"msg":"游닌 Incoming API request","time":"2025-05-19T08:04:59.085Z","v":0}
{"name":"node-crud-api","hostname":"a80c87a2f603","pid":32,"level":30,"method":"GET","url":"/api/users/?user_id=111","params":{},"query":{"user_id":"111"},"msg":"游닌 Incoming API request","time":"2025-05-19T08:05:01.298Z","v":0}
{"name":"node-crud-api","hostname":"a80c87a2f603","pid":32,"level":30,"method":"GET","url":"/api/users/?user_id=111","params":{},"query":{"user_id":"111"},"msg":"游닌 Incoming API request","time":"2025-05-19T08:05:13.119Z","v":0}
{"name":"node-crud-api","hostname":"a80c87a2f603","pid":32,"level":30,"method":"GET","url":"/api/users/?user_id=111","params":{},"query":{"user_id":"111"},"msg":"游닌 Incoming API request","time":"2025-05-19T08:05:13.926Z","v":0}
{"name":"node-crud-api","hostname":"a80c87a2f603","pid":32,"level":30,"method":"GET","url":"/api/users/?user_id=111","params":{},"query":{"user_id":"111"},"msg":"游닌 Incoming API request","time":"2025-05-19T08:05:14.684Z","v":0}
{"name":"node-crud-api","hostname":"a80c87a2f603","pid":32,"level":30,"method":"POST","url":"/api/users/login","params":{},"query":{},"msg":"游닌 Incoming API request","time":"2025-05-19T08:05:17.837Z","v":0}
{"name":"node-crud-api","hostname":"a80c87a2f603","pid":32,"level":30,"method":"GET","url":"/api/users/?user_id=111","params":{},"query":{"user_id":"111"},"msg":"游닌 Incoming API request","time":"2025-05-19T08:05:24.344Z","v":0}
{"name":"node-crud-api","hostname":"a80c87a2f603","pid":32,"level":30,"method":"GET","url":"/api/users/?user_id=116","params":{},"query":{"user_id":"116"},"msg":"游닌 Incoming API request","time":"2025-05-19T08:05:33.286Z","v":0}
{"name":"node-crud-api","hostname":"a80c87a2f603","pid":32,"level":30,"method":"GET","url":"/api/users/?user_id=111","params":{},"query":{"user_id":"111"},"msg":"游닌 Incoming API request","time":"2025-05-19T08:05:37.992Z","v":0}
{"name":"node-crud-api","hostname":"a80c87a2f603","pid":32,"level":30,"method":"GET","url":"/api/users/?user_id=111","params":{},"query":{"user_id":"111"},"msg":"游닌 Incoming API request","time":"2025-05-19T08:06:18.335Z","v":0}
{"name":"node-crud-api","hostname":"d4bcaca878a9","pid":32,"level":30,"method":"POST","url":"/api/users/login","params":{},"query":{},"msg":"游닌 Incoming API request","time":"2025-05-19T08:23:02.299Z","v":0}
{"name":"node-crud-api","hostname":"d4bcaca878a9","pid":32,"level":30,"method":"GET","url":"/api/users/?user_id=111","params":{},"query":{"user_id":"111"},"msg":"游닌 Incoming API request","time":"2025-05-19T08:23:17.554Z","v":0}
{"name":"node-crud-api","hostname":"d4bcaca878a9","pid":32,"level":30,"method":"GET","url":"/api/users/?user_id=111","params":{},"query":{"user_id":"111"},"msg":"游닌 Incoming API request","time":"2025-05-19T08:23:21.884Z","v":0}
{"name":"node-crud-api","hostname":"d4bcaca878a9","pid":32,"level":30,"method":"GET","url":"/api/users/?user_id=111","params":{},"query":{"user_id":"111"},"msg":"游닌 Incoming API request","time":"2025-05-19T08:26:55.609Z","v":0}
{"name":"node-crud-api","hostname":"d4bcaca878a9","pid":32,"level":30,"method":"GET","url":"/api/users/?user_id=1111","params":{},"query":{"user_id":"1111"},"msg":"游닌 Incoming API request","time":"2025-05-19T08:26:58.193Z","v":0}
